0 info it worked if it ends with ok
1 verbose cli [ 'J:\\Program Files\\nodejs\\node.exe',
1 verbose cli   'J:\\Program Files\\nodejs\\node_modules\\npm\\bin\\npm-cli.js',
1 verbose cli   'install',
1 verbose cli   'bcrypt' ]
2 info using npm@3.9.3
3 info using node@v6.2.1
4 silly loadCurrentTree Starting
5 silly install loadCurrentTree
6 silly install readLocalPackageData
7 silly fetchPackageMetaData bcrypt
8 silly fetchNamedPackageData bcrypt
9 silly mapToRegistry name bcrypt
10 silly mapToRegistry using default registry
11 silly mapToRegistry registry https://registry.npmjs.org/
12 silly mapToRegistry data Result {
12 silly mapToRegistry   raw: 'bcrypt',
12 silly mapToRegistry   scope: null,
12 silly mapToRegistry   name: 'bcrypt',
12 silly mapToRegistry   rawSpec: '',
12 silly mapToRegistry   spec: 'latest',
12 silly mapToRegistry   type: 'tag' }
13 silly mapToRegistry uri https://registry.npmjs.org/bcrypt
14 verbose request uri https://registry.npmjs.org/bcrypt
15 verbose request no auth needed
16 info attempt registry request try #1 at 12:56:21 AM
17 verbose request id fd9b149c33dc8643
18 verbose etag "7RZPOANAEOCJKR9JQU6SAU1FT"
19 http request GET https://registry.npmjs.org/bcrypt
20 http 304 https://registry.npmjs.org/bcrypt
21 verbose headers { date: 'Sat, 18 Jun 2016 19:26:22 GMT',
21 verbose headers   via: '1.1 varnish',
21 verbose headers   'cache-control': 'max-age=300',
21 verbose headers   etag: '"7RZPOANAEOCJKR9JQU6SAU1FT"',
21 verbose headers   age: '239',
21 verbose headers   connection: 'keep-alive',
21 verbose headers   'x-served-by': 'cache-sin6923-SIN',
21 verbose headers   'x-cache': 'HIT',
21 verbose headers   'x-cache-hits': '1',
21 verbose headers   'x-timer': 'S1466277982.436805,VS0,VE0',
21 verbose headers   vary: 'Accept-Encoding' }
22 silly get cb [ 304,
22 silly get   { date: 'Sat, 18 Jun 2016 19:26:22 GMT',
22 silly get     via: '1.1 varnish',
22 silly get     'cache-control': 'max-age=300',
22 silly get     etag: '"7RZPOANAEOCJKR9JQU6SAU1FT"',
22 silly get     age: '239',
22 silly get     connection: 'keep-alive',
22 silly get     'x-served-by': 'cache-sin6923-SIN',
22 silly get     'x-cache': 'HIT',
22 silly get     'x-cache-hits': '1',
22 silly get     'x-timer': 'S1466277982.436805,VS0,VE0',
22 silly get     vary: 'Accept-Encoding' } ]
23 verbose etag https://registry.npmjs.org/bcrypt from cache
24 verbose get saving bcrypt to J:\Users\Kannu\AppData\Roaming\npm-cache\registry.npmjs.org\bcrypt\.cache.json
25 verbose correctMkdir J:\Users\Kannu\AppData\Roaming\npm-cache correctMkdir not in flight; initializing
26 silly install normalizeTree
27 silly loadCurrentTree Finishing
28 silly loadIdealTree Starting
29 silly install loadIdealTree
30 silly cloneCurrentTree Starting
31 silly install cloneCurrentTreeToIdealTree
32 silly cloneCurrentTree Finishing
33 silly loadShrinkwrap Starting
34 silly install loadShrinkwrap
35 silly loadShrinkwrap Finishing
36 silly loadAllDepsIntoIdealTree Starting
37 silly install loadAllDepsIntoIdealTree
38 silly resolveWithNewModule bcrypt@0.8.7 checking installable status
39 silly cache add args [ 'bcrypt', null ]
40 verbose cache add spec bcrypt
41 silly cache add parsed spec Result {
41 silly cache add   raw: 'bcrypt',
41 silly cache add   scope: null,
41 silly cache add   name: 'bcrypt',
41 silly cache add   rawSpec: '',
41 silly cache add   spec: 'latest',
41 silly cache add   type: 'tag' }
42 silly addNamed bcrypt@latest
43 verbose addNamed "latest" is being treated as a dist-tag for bcrypt
44 info addNameTag [ 'bcrypt', 'latest' ]
45 silly mapToRegistry name bcrypt
46 silly mapToRegistry using default registry
47 silly mapToRegistry registry https://registry.npmjs.org/
48 silly mapToRegistry data Result {
48 silly mapToRegistry   raw: 'bcrypt',
48 silly mapToRegistry   scope: null,
48 silly mapToRegistry   name: 'bcrypt',
48 silly mapToRegistry   rawSpec: '',
48 silly mapToRegistry   spec: 'latest',
48 silly mapToRegistry   type: 'tag' }
49 silly mapToRegistry uri https://registry.npmjs.org/bcrypt
50 verbose addNameTag registry:https://registry.npmjs.org/bcrypt not in flight; fetching
51 verbose get https://registry.npmjs.org/bcrypt not expired, no request
52 silly addNameTag next cb for bcrypt with tag latest
53 silly addNamed bcrypt@0.8.7
54 verbose addNamed "0.8.7" is a plain semver version for bcrypt
55 silly cache afterAdd bcrypt@0.8.7
56 verbose afterAdd J:\Users\Kannu\AppData\Roaming\npm-cache\bcrypt\0.8.7\package\package.json not in flight; writing
57 verbose correctMkdir J:\Users\Kannu\AppData\Roaming\npm-cache correctMkdir not in flight; initializing
58 verbose afterAdd J:\Users\Kannu\AppData\Roaming\npm-cache\bcrypt\0.8.7\package\package.json written
59 silly fetchNamedPackageData bindings
60 silly mapToRegistry name bindings
61 silly mapToRegistry using default registry
62 silly mapToRegistry registry https://registry.npmjs.org/
63 silly mapToRegistry data Result {
63 silly mapToRegistry   raw: 'bindings',
63 silly mapToRegistry   scope: null,
63 silly mapToRegistry   name: 'bindings',
63 silly mapToRegistry   rawSpec: '',
63 silly mapToRegistry   spec: 'latest',
63 silly mapToRegistry   type: 'tag' }
64 silly mapToRegistry uri https://registry.npmjs.org/bindings
65 verbose request uri https://registry.npmjs.org/bindings
66 verbose request no auth needed
67 info attempt registry request try #1 at 12:56:24 AM
68 verbose etag "33TX4J3DNTGF7K41ZUV6OA182"
69 http request GET https://registry.npmjs.org/bindings
70 http 304 https://registry.npmjs.org/bindings
71 verbose headers { date: 'Sat, 18 Jun 2016 19:26:24 GMT',
71 verbose headers   via: '1.1 varnish',
71 verbose headers   'cache-control': 'max-age=300',
71 verbose headers   etag: '"33TX4J3DNTGF7K41ZUV6OA182"',
71 verbose headers   age: '0',
71 verbose headers   connection: 'keep-alive',
71 verbose headers   'x-served-by': 'cache-sin6923-SIN',
71 verbose headers   'x-cache': 'HIT',
71 verbose headers   'x-cache-hits': '5',
71 verbose headers   'x-timer': 'S1466277984.476225,VS0,VE531',
71 verbose headers   vary: 'Accept-Encoding' }
72 silly get cb [ 304,
72 silly get   { date: 'Sat, 18 Jun 2016 19:26:24 GMT',
72 silly get     via: '1.1 varnish',
72 silly get     'cache-control': 'max-age=300',
72 silly get     etag: '"33TX4J3DNTGF7K41ZUV6OA182"',
72 silly get     age: '0',
72 silly get     connection: 'keep-alive',
72 silly get     'x-served-by': 'cache-sin6923-SIN',
72 silly get     'x-cache': 'HIT',
72 silly get     'x-cache-hits': '5',
72 silly get     'x-timer': 'S1466277984.476225,VS0,VE531',
72 silly get     vary: 'Accept-Encoding' } ]
73 verbose etag https://registry.npmjs.org/bindings from cache
74 verbose get saving bindings to J:\Users\Kannu\AppData\Roaming\npm-cache\registry.npmjs.org\bindings\.cache.json
75 verbose correctMkdir J:\Users\Kannu\AppData\Roaming\npm-cache correctMkdir not in flight; initializing
76 silly resolveWithNewModule bindings@1.2.1 checking installable status
77 silly cache add args [ 'bindings@1.2.1', null ]
78 verbose cache add spec bindings@1.2.1
79 silly cache add parsed spec Result {
79 silly cache add   raw: 'bindings@1.2.1',
79 silly cache add   scope: null,
79 silly cache add   name: 'bindings',
79 silly cache add   rawSpec: '1.2.1',
79 silly cache add   spec: '1.2.1',
79 silly cache add   type: 'version' }
80 silly addNamed bindings@1.2.1
81 verbose addNamed "1.2.1" is a plain semver version for bindings
82 silly mapToRegistry name bindings
83 silly mapToRegistry using default registry
84 silly mapToRegistry registry https://registry.npmjs.org/
85 silly mapToRegistry data Result {
85 silly mapToRegistry   raw: 'bindings',
85 silly mapToRegistry   scope: null,
85 silly mapToRegistry   name: 'bindings',
85 silly mapToRegistry   rawSpec: '',
85 silly mapToRegistry   spec: 'latest',
85 silly mapToRegistry   type: 'tag' }
86 silly mapToRegistry uri https://registry.npmjs.org/bindings
87 verbose addNameVersion registry:https://registry.npmjs.org/bindings not in flight; fetching
88 verbose get https://registry.npmjs.org/bindings not expired, no request
89 silly cache afterAdd bindings@1.2.1
90 verbose afterAdd J:\Users\Kannu\AppData\Roaming\npm-cache\bindings\1.2.1\package\package.json not in flight; writing
91 verbose correctMkdir J:\Users\Kannu\AppData\Roaming\npm-cache correctMkdir not in flight; initializing
92 verbose afterAdd J:\Users\Kannu\AppData\Roaming\npm-cache\bindings\1.2.1\package\package.json written
93 silly loadAllDepsIntoIdealTree Finishing
94 silly idealTree:prePrune tracker@1.1.1
94 silly idealTree:prePrune +-- abbrev@1.0.7
94 silly idealTree:prePrune +-- amdefine@1.0.0
94 silly idealTree:prePrune +-- ansi-regex@2.0.0
94 silly idealTree:prePrune +-- ansi-styles@2.2.1
94 silly idealTree:prePrune +-- ansi@0.3.1
94 silly idealTree:prePrune +-- archy@1.0.0
94 silly idealTree:prePrune +-- are-we-there-yet@1.1.2
94 silly idealTree:prePrune +-- array-differ@1.0.0
94 silly idealTree:prePrune +-- array-find-index@1.0.1
94 silly idealTree:prePrune +-- array-index@1.0.0
94 silly idealTree:prePrune +-- array-uniq@1.0.2
94 silly idealTree:prePrune +-- asn1@0.2.3
94 silly idealTree:prePrune +-- assert-plus@0.2.0
94 silly idealTree:prePrune +-- async-foreach@0.1.3
94 silly idealTree:prePrune +-- async@1.5.2
94 silly idealTree:prePrune +-- aws-sign2@0.6.0
94 silly idealTree:prePrune +-- aws4@1.4.1
94 silly idealTree:prePrune +-- backoff@2.5.0
94 silly idealTree:prePrune +-- balanced-match@0.4.1
94 silly idealTree:prePrune +-- basic-auth@1.0.4
94 silly idealTree:prePrune +-- bcrypt@0.8.7
94 silly idealTree:prePrune +-- beeper@1.1.0
94 silly idealTree:prePrune +-- bindings@1.2.1
94 silly idealTree:prePrune +-- bl@1.1.2
94 silly idealTree:prePrune | +-- isarray@1.0.0
94 silly idealTree:prePrune | `-- readable-stream@2.0.6
94 silly idealTree:prePrune +-- block-stream@0.0.9
94 silly idealTree:prePrune +-- boom@2.10.1
94 silly idealTree:prePrune +-- bower@1.7.9
94 silly idealTree:prePrune +-- brace-expansion@1.1.4
94 silly idealTree:prePrune +-- bson@0.4.23
94 silly idealTree:prePrune +-- buffer-shims@1.0.0
94 silly idealTree:prePrune +-- bufferstreams@0.0.2
94 silly idealTree:prePrune +-- builtin-modules@1.1.1
94 silly idealTree:prePrune +-- bunyan@1.8.1
94 silly idealTree:prePrune +-- camelcase-keys@2.1.0
94 silly idealTree:prePrune +-- camelcase@2.1.1
94 silly idealTree:prePrune +-- caseless@0.11.0
94 silly idealTree:prePrune +-- chalk@1.1.3
94 silly idealTree:prePrune +-- clean-css@3.0.10
94 silly idealTree:prePrune | `-- source-map@0.1.43
94 silly idealTree:prePrune +-- cliui@3.2.0
94 silly idealTree:prePrune +-- clone-stats@0.0.1
94 silly idealTree:prePrune +-- clone@1.0.2
94 silly idealTree:prePrune +-- code-point-at@1.0.0
94 silly idealTree:prePrune +-- combined-stream@1.0.5
94 silly idealTree:prePrune +-- commander@2.5.1
94 silly idealTree:prePrune +-- concat-map@0.0.1
94 silly idealTree:prePrune +-- concat-with-sourcemaps@1.0.4
94 silly idealTree:prePrune +-- core-util-is@1.0.2
94 silly idealTree:prePrune +-- cross-spawn-async@2.2.4
94 silly idealTree:prePrune | `-- lru-cache@4.0.1
94 silly idealTree:prePrune +-- cryptiles@2.0.5
94 silly idealTree:prePrune +-- csv-generate@0.0.6
94 silly idealTree:prePrune +-- csv-parse@1.1.1
94 silly idealTree:prePrune +-- csv-stringify@0.0.8
94 silly idealTree:prePrune +-- csv@0.4.6
94 silly idealTree:prePrune +-- ctype@0.5.3
94 silly idealTree:prePrune +-- currently-unhandled@0.4.1
94 silly idealTree:prePrune +-- d@0.1.1
94 silly idealTree:prePrune +-- dashdash@1.14.0
94 silly idealTree:prePrune | `-- assert-plus@1.0.0
94 silly idealTree:prePrune +-- dateformat@1.0.12
94 silly idealTree:prePrune +-- debug@2.2.0
94 silly idealTree:prePrune +-- decamelize@1.2.0
94 silly idealTree:prePrune +-- defaults@1.0.3
94 silly idealTree:prePrune +-- delayed-stream@1.0.0
94 silly idealTree:prePrune +-- delegates@1.0.0
94 silly idealTree:prePrune +-- depd@1.1.0
94 silly idealTree:prePrune +-- deprecated@0.0.1
94 silly idealTree:prePrune +-- dtrace-provider@0.6.0
94 silly idealTree:prePrune +-- duplexer2@0.0.2
94 silly idealTree:prePrune +-- each-series@1.0.0
94 silly idealTree:prePrune +-- ecc-jsbn@0.1.1
94 silly idealTree:prePrune +-- ee-first@1.1.1
94 silly idealTree:prePrune +-- end-of-stream@0.1.5
94 silly idealTree:prePrune +-- error-ex@1.3.0
94 silly idealTree:prePrune +-- es5-ext@0.10.11
94 silly idealTree:prePrune | `-- es6-symbol@3.0.2
94 silly idealTree:prePrune +-- es6-iterator@2.0.0
94 silly idealTree:prePrune +-- es6-promise@3.0.2
94 silly idealTree:prePrune +-- es6-symbol@3.1.0
94 silly idealTree:prePrune +-- escape-regexp-component@1.0.2
94 silly idealTree:prePrune +-- escape-string-regexp@1.0.5
94 silly idealTree:prePrune +-- extend@2.0.1
94 silly idealTree:prePrune +-- extsprintf@1.0.2
94 silly idealTree:prePrune +-- fancy-log@1.2.0
94 silly idealTree:prePrune +-- find-index@0.1.1
94 silly idealTree:prePrune +-- find-up@1.1.2
94 silly idealTree:prePrune +-- findup-sync@0.3.0
94 silly idealTree:prePrune +-- first-chunk-stream@1.0.0
94 silly idealTree:prePrune +-- flagged-respawn@0.3.2
94 silly idealTree:prePrune +-- forever-agent@0.6.1
94 silly idealTree:prePrune +-- form-data@1.0.0-rc4
94 silly idealTree:prePrune +-- formidable@1.0.17
94 silly idealTree:prePrune +-- fstream@1.0.9
94 silly idealTree:prePrune +-- gauge@1.2.7
94 silly idealTree:prePrune +-- gaze@0.5.2
94 silly idealTree:prePrune +-- generate-function@2.0.0
94 silly idealTree:prePrune +-- generate-object-property@1.2.0
94 silly idealTree:prePrune +-- get-stdin@4.0.1
94 silly idealTree:prePrune +-- getpass@0.1.6
94 silly idealTree:prePrune | `-- assert-plus@1.0.0
94 silly idealTree:prePrune +-- glob-stream@3.1.18
94 silly idealTree:prePrune | +-- glob@4.5.3
94 silly idealTree:prePrune | +-- minimatch@2.0.10
94 silly idealTree:prePrune | +-- readable-stream@1.0.34
94 silly idealTree:prePrune | `-- through2@0.6.5
94 silly idealTree:prePrune +-- glob-watcher@0.0.6
94 silly idealTree:prePrune +-- glob@5.0.15
94 silly idealTree:prePrune +-- glob2base@0.0.12
94 silly idealTree:prePrune +-- globule@0.1.0
94 silly idealTree:prePrune | +-- glob@3.1.21
94 silly idealTree:prePrune | +-- graceful-fs@1.2.3
94 silly idealTree:prePrune | +-- inherits@1.0.2
94 silly idealTree:prePrune | `-- minimatch@0.2.14
94 silly idealTree:prePrune +-- glogg@1.0.0
94 silly idealTree:prePrune +-- graceful-fs@4.1.4
94 silly idealTree:prePrune +-- graceful-readlink@1.0.1
94 silly idealTree:prePrune +-- gulp-concat@2.6.0
94 silly idealTree:prePrune | +-- gulp-util@3.0.7
94 silly idealTree:prePrune | | +-- isarray@1.0.0
94 silly idealTree:prePrune | | +-- readable-stream@2.0.6
94 silly idealTree:prePrune | | `-- through2@2.0.1
94 silly idealTree:prePrune | +-- lodash._reinterpolate@3.0.0
94 silly idealTree:prePrune | +-- lodash.escape@3.2.0
94 silly idealTree:prePrune | +-- lodash.keys@3.1.2
94 silly idealTree:prePrune | +-- lodash.template@3.6.2
94 silly idealTree:prePrune | +-- lodash.templatesettings@3.1.1
94 silly idealTree:prePrune | +-- readable-stream@1.0.34
94 silly idealTree:prePrune | +-- through2@0.6.5
94 silly idealTree:prePrune | `-- vinyl@0.5.3
94 silly idealTree:prePrune +-- gulp-minify-css@0.3.13
94 silly idealTree:prePrune | +-- gulp-util@3.0.7
94 silly idealTree:prePrune | | +-- isarray@1.0.0
94 silly idealTree:prePrune | | +-- readable-stream@2.0.6
94 silly idealTree:prePrune | | `-- through2@2.0.1
94 silly idealTree:prePrune | +-- lodash._reinterpolate@3.0.0
94 silly idealTree:prePrune | +-- lodash.escape@3.2.0
94 silly idealTree:prePrune | +-- lodash.keys@3.1.2
94 silly idealTree:prePrune | +-- lodash.template@3.6.2
94 silly idealTree:prePrune | +-- lodash.templatesettings@3.1.1
94 silly idealTree:prePrune | +-- readable-stream@1.0.34
94 silly idealTree:prePrune | +-- through2@0.6.5
94 silly idealTree:prePrune | `-- vinyl@0.5.3
94 silly idealTree:prePrune +-- gulp-rename@1.2.2
94 silly idealTree:prePrune +-- gulp-sass@2.3.1
94 silly idealTree:prePrune | +-- gulp-util@3.0.7
94 silly idealTree:prePrune | | `-- object-assign@3.0.0
94 silly idealTree:prePrune | +-- lodash._reinterpolate@3.0.0
94 silly idealTree:prePrune | +-- lodash.escape@3.2.0
94 silly idealTree:prePrune | +-- lodash.keys@3.1.2
94 silly idealTree:prePrune | +-- lodash.template@3.6.2
94 silly idealTree:prePrune | +-- lodash.templatesettings@3.1.1
94 silly idealTree:prePrune | +-- object-assign@4.1.0
94 silly idealTree:prePrune | +-- vinyl-sourcemaps-apply@0.2.1
94 silly idealTree:prePrune | `-- vinyl@0.5.3
94 silly idealTree:prePrune +-- gulp-util@2.2.20
94 silly idealTree:prePrune | +-- ansi-regex@0.2.1
94 silly idealTree:prePrune | +-- ansi-styles@1.1.0
94 silly idealTree:prePrune | +-- chalk@0.5.1
94 silly idealTree:prePrune | +-- has-ansi@0.1.0
94 silly idealTree:prePrune | +-- minimist@0.2.0
94 silly idealTree:prePrune | +-- readable-stream@1.0.34
94 silly idealTree:prePrune | +-- strip-ansi@0.3.0
94 silly idealTree:prePrune | +-- supports-color@0.2.0
94 silly idealTree:prePrune | +-- through2@0.5.1
94 silly idealTree:prePrune | `-- xtend@3.0.0
94 silly idealTree:prePrune +-- gulp@3.9.1
94 silly idealTree:prePrune | +-- gulp-util@3.0.7
94 silly idealTree:prePrune | +-- lodash._reinterpolate@3.0.0
94 silly idealTree:prePrune | +-- lodash.escape@3.2.0
94 silly idealTree:prePrune | +-- lodash.keys@3.1.2
94 silly idealTree:prePrune | +-- lodash.template@3.6.2
94 silly idealTree:prePrune | +-- lodash.templatesettings@3.1.1
94 silly idealTree:prePrune | `-- vinyl@0.5.3
94 silly idealTree:prePrune +-- gulplog@1.0.0
94 silly idealTree:prePrune +-- handle-thing@1.2.4
94 silly idealTree:prePrune +-- har-validator@2.0.6
94 silly idealTree:prePrune | `-- commander@2.9.0
94 silly idealTree:prePrune +-- has-ansi@2.0.0
94 silly idealTree:prePrune +-- has-gulplog@0.1.0
94 silly idealTree:prePrune +-- has-unicode@2.0.0
94 silly idealTree:prePrune +-- hawk@3.1.3
94 silly idealTree:prePrune +-- hoek@2.16.3
94 silly idealTree:prePrune +-- hosted-git-info@2.1.5
94 silly idealTree:prePrune +-- hpack.js@2.1.4
94 silly idealTree:prePrune | +-- isarray@1.0.0
94 silly idealTree:prePrune | `-- readable-stream@2.1.4
94 silly idealTree:prePrune +-- http-deceiver@1.2.7
94 silly idealTree:prePrune +-- http-signature@1.1.1
94 silly idealTree:prePrune +-- in-publish@2.0.0
94 silly idealTree:prePrune +-- indent-string@2.1.0
94 silly idealTree:prePrune +-- inflight@1.0.5
94 silly idealTree:prePrune +-- inherits@2.0.1
94 silly idealTree:prePrune +-- interpret@1.0.1
94 silly idealTree:prePrune +-- invert-kv@1.0.0
94 silly idealTree:prePrune +-- is-arrayish@0.2.1
94 silly idealTree:prePrune +-- is-builtin-module@1.0.0
94 silly idealTree:prePrune +-- is-finite@1.0.1
94 silly idealTree:prePrune +-- is-fullwidth-code-point@1.0.0
94 silly idealTree:prePrune +-- is-my-json-valid@2.13.1
94 silly idealTree:prePrune +-- is-property@1.0.2
94 silly idealTree:prePrune +-- is-typedarray@1.0.0
94 silly idealTree:prePrune +-- is-utf8@0.2.1
94 silly idealTree:prePrune +-- isarray@0.0.1
94 silly idealTree:prePrune +-- isexe@1.1.2
94 silly idealTree:prePrune +-- isstream@0.1.2
94 silly idealTree:prePrune +-- jodid25519@1.0.2
94 silly idealTree:prePrune +-- jsbn@0.1.0
94 silly idealTree:prePrune +-- json-schema@0.2.2
94 silly idealTree:prePrune +-- json-stringify-safe@5.0.1
94 silly idealTree:prePrune +-- jsonpointer@2.0.0
94 silly idealTree:prePrune +-- jsprim@1.2.2
94 silly idealTree:prePrune +-- keep-alive-agent@0.0.1
94 silly idealTree:prePrune +-- lcid@1.0.0
94 silly idealTree:prePrune +-- liftoff@2.2.1
94 silly idealTree:prePrune +-- load-json-file@1.1.0
94 silly idealTree:prePrune +-- lodash._basecopy@3.0.1
94 silly idealTree:prePrune +-- lodash._baseslice@4.0.0
94 silly idealTree:prePrune +-- lodash._basetostring@3.0.1
94 silly idealTree:prePrune +-- lodash._basevalues@3.0.0
94 silly idealTree:prePrune +-- lodash._escapehtmlchar@2.4.1
94 silly idealTree:prePrune +-- lodash._escapestringchar@2.4.1
94 silly idealTree:prePrune +-- lodash._getnative@3.9.1
94 silly idealTree:prePrune +-- lodash._htmlescapes@2.4.1
94 silly idealTree:prePrune +-- lodash._isiterateecall@3.0.9
94 silly idealTree:prePrune +-- lodash._isnative@2.4.1
94 silly idealTree:prePrune +-- lodash._objecttypes@2.4.1
94 silly idealTree:prePrune +-- lodash._reescape@3.0.0
94 silly idealTree:prePrune +-- lodash._reevaluate@3.0.0
94 silly idealTree:prePrune +-- lodash._reinterpolate@2.4.1
94 silly idealTree:prePrune +-- lodash._reunescapedhtml@2.4.1
94 silly idealTree:prePrune +-- lodash._root@3.0.1
94 silly idealTree:prePrune +-- lodash._shimkeys@2.4.1
94 silly idealTree:prePrune +-- lodash.defaults@2.4.1
94 silly idealTree:prePrune +-- lodash.escape@2.4.1
94 silly idealTree:prePrune +-- lodash.isarguments@3.0.8
94 silly idealTree:prePrune +-- lodash.isarray@3.0.4
94 silly idealTree:prePrune +-- lodash.isobject@2.4.1
94 silly idealTree:prePrune +-- lodash.keys@2.4.1
94 silly idealTree:prePrune +-- lodash.pad@4.4.0
94 silly idealTree:prePrune | `-- lodash._basetostring@4.12.0
94 silly idealTree:prePrune +-- lodash.padend@4.5.0
94 silly idealTree:prePrune | `-- lodash._basetostring@4.12.0
94 silly idealTree:prePrune +-- lodash.padstart@4.5.0
94 silly idealTree:prePrune | `-- lodash._basetostring@4.12.0
94 silly idealTree:prePrune +-- lodash.restparam@3.6.1
94 silly idealTree:prePrune +-- lodash.template@2.4.1
94 silly idealTree:prePrune +-- lodash.templatesettings@2.4.1
94 silly idealTree:prePrune +-- lodash.tostring@4.1.3
94 silly idealTree:prePrune +-- lodash.values@2.4.1
94 silly idealTree:prePrune +-- lodash@1.0.2
94 silly idealTree:prePrune +-- loud-rejection@1.4.1
94 silly idealTree:prePrune +-- lru-cache@2.7.3
94 silly idealTree:prePrune +-- map-obj@1.0.1
94 silly idealTree:prePrune +-- memory-cache@0.0.5
94 silly idealTree:prePrune +-- meow@3.7.0
94 silly idealTree:prePrune | `-- object-assign@4.1.0
94 silly idealTree:prePrune +-- mime-db@1.23.0
94 silly idealTree:prePrune +-- mime-types@2.1.11
94 silly idealTree:prePrune +-- mime@1.3.4
94 silly idealTree:prePrune +-- minimalistic-assert@1.0.0
94 silly idealTree:prePrune +-- minimatch@3.0.0
94 silly idealTree:prePrune +-- minimist@1.2.0
94 silly idealTree:prePrune +-- mkdirp@0.5.1
94 silly idealTree:prePrune | `-- minimist@0.0.8
94 silly idealTree:prePrune +-- moment@2.13.0
94 silly idealTree:prePrune +-- mongodb-core@1.3.18
94 silly idealTree:prePrune +-- mongodb@2.1.18
94 silly idealTree:prePrune | `-- readable-stream@1.0.31
94 silly idealTree:prePrune +-- mongojs@2.4.0
94 silly idealTree:prePrune | +-- isarray@1.0.0
94 silly idealTree:prePrune | `-- readable-stream@2.1.4
94 silly idealTree:prePrune +-- morgan@1.7.0
94 silly idealTree:prePrune +-- ms@0.7.1
94 silly idealTree:prePrune +-- multipipe@0.1.2
94 silly idealTree:prePrune +-- mv@2.1.1
94 silly idealTree:prePrune | +-- glob@6.0.4
94 silly idealTree:prePrune | `-- rimraf@2.4.5
94 silly idealTree:prePrune +-- nan@2.3.5
94 silly idealTree:prePrune +-- ncp@2.0.0
94 silly idealTree:prePrune +-- negotiator@0.6.1
94 silly idealTree:prePrune +-- node-gyp@3.3.1
94 silly idealTree:prePrune | +-- glob@4.5.3
94 silly idealTree:prePrune | | `-- minimatch@2.0.10
94 silly idealTree:prePrune | `-- minimatch@1.0.0
94 silly idealTree:prePrune +-- node-sass@3.7.0
94 silly idealTree:prePrune | +-- gaze@1.0.0
94 silly idealTree:prePrune | +-- glob@7.0.3
94 silly idealTree:prePrune | | `-- minimatch@3.0.0
94 silly idealTree:prePrune | +-- globule@0.2.0
94 silly idealTree:prePrune | | `-- glob@3.2.11
94 silly idealTree:prePrune | |   `-- minimatch@0.3.0
94 silly idealTree:prePrune | +-- lodash@2.4.2
94 silly idealTree:prePrune | `-- minimatch@0.2.14
94 silly idealTree:prePrune +-- node-uuid@1.4.7
94 silly idealTree:prePrune +-- nopt@3.0.6
94 silly idealTree:prePrune +-- normalize-package-data@2.3.5
94 silly idealTree:prePrune +-- npmlog@2.0.4
94 silly idealTree:prePrune +-- number-is-nan@1.0.0
94 silly idealTree:prePrune +-- oauth-sign@0.8.2
94 silly idealTree:prePrune +-- object-assign@3.0.0
94 silly idealTree:prePrune +-- obuf@1.1.1
94 silly idealTree:prePrune +-- on-finished@2.3.0
94 silly idealTree:prePrune +-- on-headers@1.0.1
94 silly idealTree:prePrune +-- once@1.3.3
94 silly idealTree:prePrune +-- orchestrator@0.3.7
94 silly idealTree:prePrune +-- ordered-read-streams@0.1.0
94 silly idealTree:prePrune +-- os-homedir@1.0.1
94 silly idealTree:prePrune +-- os-locale@1.4.0
94 silly idealTree:prePrune +-- os-tmpdir@1.0.1
94 silly idealTree:prePrune +-- osenv@0.1.3
94 silly idealTree:prePrune +-- parse-json@2.2.0
94 silly idealTree:prePrune +-- parse-mongo-url@1.1.1
94 silly idealTree:prePrune +-- path-array@1.0.1
94 silly idealTree:prePrune +-- path-exists@2.1.0
94 silly idealTree:prePrune +-- path-is-absolute@1.0.0
94 silly idealTree:prePrune +-- path-type@1.1.0
94 silly idealTree:prePrune +-- pify@2.3.0
94 silly idealTree:prePrune +-- pinkie-promise@2.0.1
94 silly idealTree:prePrune +-- pinkie@2.0.4
94 silly idealTree:prePrune +-- precond@0.2.3
94 silly idealTree:prePrune +-- pretty-hrtime@1.0.2
94 silly idealTree:prePrune +-- process-nextick-args@1.0.7
94 silly idealTree:prePrune +-- pseudomap@1.0.2
94 silly idealTree:prePrune +-- punycode@1.3.2
94 silly idealTree:prePrune +-- qs@6.1.0
94 silly idealTree:prePrune +-- querystring@0.2.0
94 silly idealTree:prePrune +-- read-pkg-up@1.0.1
94 silly idealTree:prePrune +-- read-pkg@1.1.0
94 silly idealTree:prePrune +-- readable-stream@1.1.14
94 silly idealTree:prePrune +-- rechoir@0.6.2
94 silly idealTree:prePrune +-- redent@1.0.0
94 silly idealTree:prePrune +-- repeating@2.0.1
94 silly idealTree:prePrune +-- replace-ext@0.0.1
94 silly idealTree:prePrune +-- request@2.72.0
94 silly idealTree:prePrune | `-- extend@3.0.0
94 silly idealTree:prePrune +-- require_optional@1.0.0
94 silly idealTree:prePrune | `-- semver@5.1.0
94 silly idealTree:prePrune +-- resolve-from@2.0.0
94 silly idealTree:prePrune +-- resolve@1.1.7
94 silly idealTree:prePrune +-- restify@4.1.1
94 silly idealTree:prePrune | +-- asn1@0.1.11
94 silly idealTree:prePrune | +-- assert-plus@0.1.5
94 silly idealTree:prePrune | +-- extsprintf@1.2.0
94 silly idealTree:prePrune | +-- http-signature@0.11.0
94 silly idealTree:prePrune | +-- lru-cache@4.0.1
94 silly idealTree:prePrune | +-- qs@3.1.0
94 silly idealTree:prePrune | `-- verror@1.6.1
94 silly idealTree:prePrune +-- rimraf@2.5.2
94 silly idealTree:prePrune | `-- glob@7.0.3
94 silly idealTree:prePrune +-- safe-json-stringify@1.0.3
94 silly idealTree:prePrune +-- sass-graph@2.1.1
94 silly idealTree:prePrune | +-- glob@6.0.4
94 silly idealTree:prePrune | `-- lodash@4.13.1
94 silly idealTree:prePrune +-- select-hose@2.0.0
94 silly idealTree:prePrune +-- semver@4.3.6
94 silly idealTree:prePrune +-- sequencify@0.0.7
94 silly idealTree:prePrune +-- shelljs@0.3.0
94 silly idealTree:prePrune +-- sigmund@1.0.1
94 silly idealTree:prePrune +-- signal-exit@2.1.2
94 silly idealTree:prePrune +-- sntp@1.0.9
94 silly idealTree:prePrune +-- source-map@0.5.6
94 silly idealTree:prePrune +-- sparkles@1.0.0
94 silly idealTree:prePrune +-- spdx-correct@1.0.2
94 silly idealTree:prePrune +-- spdx-exceptions@1.0.4
94 silly idealTree:prePrune +-- spdx-expression-parse@1.0.2
94 silly idealTree:prePrune +-- spdx-license-ids@1.2.1
94 silly idealTree:prePrune +-- spdy-transport@2.0.11
94 silly idealTree:prePrune | +-- isarray@1.0.0
94 silly idealTree:prePrune | `-- readable-stream@2.1.4
94 silly idealTree:prePrune +-- spdy@3.3.3
94 silly idealTree:prePrune +-- sshpk@1.8.3
94 silly idealTree:prePrune | `-- assert-plus@1.0.0
94 silly idealTree:prePrune +-- stream-consume@0.1.0
94 silly idealTree:prePrune +-- stream-transform@0.1.1
94 silly idealTree:prePrune +-- string_decoder@0.10.31
94 silly idealTree:prePrune +-- string-width@1.0.1
94 silly idealTree:prePrune +-- stringstream@0.0.5
94 silly idealTree:prePrune +-- strip-ansi@3.0.1
94 silly idealTree:prePrune +-- strip-bom@2.0.0
94 silly idealTree:prePrune +-- strip-indent@1.0.1
94 silly idealTree:prePrune +-- supports-color@2.0.0
94 silly idealTree:prePrune +-- tar@2.2.1
94 silly idealTree:prePrune +-- through2@2.0.1
94 silly idealTree:prePrune | +-- isarray@1.0.0
94 silly idealTree:prePrune | `-- readable-stream@2.0.6
94 silly idealTree:prePrune +-- thunky@0.1.0
94 silly idealTree:prePrune +-- tildify@1.2.0
94 silly idealTree:prePrune +-- time-stamp@1.0.1
94 silly idealTree:prePrune +-- to-mongodb-core@2.0.0
94 silly idealTree:prePrune +-- tough-cookie@2.2.2
94 silly idealTree:prePrune +-- trim-newlines@1.0.0
94 silly idealTree:prePrune +-- tunnel-agent@0.4.3
94 silly idealTree:prePrune +-- tweetnacl@0.13.3
94 silly idealTree:prePrune +-- unique-stream@1.0.0
94 silly idealTree:prePrune +-- url@0.11.0
94 silly idealTree:prePrune +-- user-home@1.1.1
94 silly idealTree:prePrune +-- util-deprecate@1.0.2
94 silly idealTree:prePrune +-- v8flags@2.0.11
94 silly idealTree:prePrune +-- validate-npm-package-license@3.0.1
94 silly idealTree:prePrune +-- vasync@1.6.3
94 silly idealTree:prePrune | +-- extsprintf@1.2.0
94 silly idealTree:prePrune | `-- verror@1.6.0
94 silly idealTree:prePrune +-- verror@1.3.6
94 silly idealTree:prePrune +-- vinyl-fs@0.3.14
94 silly idealTree:prePrune | +-- clone@0.2.0
94 silly idealTree:prePrune | +-- graceful-fs@3.0.8
94 silly idealTree:prePrune | +-- readable-stream@1.0.34
94 silly idealTree:prePrune | +-- strip-bom@1.0.0
94 silly idealTree:prePrune | +-- through2@0.6.5
94 silly idealTree:prePrune | `-- vinyl@0.4.6
94 silly idealTree:prePrune +-- vinyl-sourcemaps-apply@0.1.4
94 silly idealTree:prePrune | `-- source-map@0.1.43
94 silly idealTree:prePrune +-- vinyl@0.2.3
94 silly idealTree:prePrune +-- wbuf@1.7.2
94 silly idealTree:prePrune +-- which@1.2.10
94 silly idealTree:prePrune +-- window-size@0.1.4
94 silly idealTree:prePrune +-- wrap-ansi@2.0.0
94 silly idealTree:prePrune +-- wrappy@1.0.2
94 silly idealTree:prePrune +-- xtend@4.0.1
94 silly idealTree:prePrune +-- y18n@3.2.1
94 silly idealTree:prePrune +-- yallist@2.0.0
94 silly idealTree:prePrune `-- yargs@3.32.0
95 silly loadIdealTree Finishing
96 silly currentTree tracker@1.1.1
96 silly currentTree +-- abbrev@1.0.7
96 silly currentTree +-- amdefine@1.0.0
96 silly currentTree +-- ansi-regex@2.0.0
96 silly currentTree +-- ansi-styles@2.2.1
96 silly currentTree +-- ansi@0.3.1
96 silly currentTree +-- archy@1.0.0
96 silly currentTree +-- are-we-there-yet@1.1.2
96 silly currentTree +-- array-differ@1.0.0
96 silly currentTree +-- array-find-index@1.0.1
96 silly currentTree +-- array-index@1.0.0
96 silly currentTree +-- array-uniq@1.0.2
96 silly currentTree +-- asn1@0.2.3
96 silly currentTree +-- assert-plus@0.2.0
96 silly currentTree +-- async-foreach@0.1.3
96 silly currentTree +-- async@1.5.2
96 silly currentTree +-- aws-sign2@0.6.0
96 silly currentTree +-- aws4@1.4.1
96 silly currentTree +-- backoff@2.5.0
96 silly currentTree +-- balanced-match@0.4.1
96 silly currentTree +-- basic-auth@1.0.4
96 silly currentTree +-- beeper@1.1.0
96 silly currentTree +-- bl@1.1.2
96 silly currentTree | +-- isarray@1.0.0
96 silly currentTree | `-- readable-stream@2.0.6
96 silly currentTree +-- block-stream@0.0.9
96 silly currentTree +-- boom@2.10.1
96 silly currentTree +-- bower@1.7.9
96 silly currentTree +-- brace-expansion@1.1.4
96 silly currentTree +-- bson@0.4.23
96 silly currentTree +-- buffer-shims@1.0.0
96 silly currentTree +-- bufferstreams@0.0.2
96 silly currentTree +-- builtin-modules@1.1.1
96 silly currentTree +-- bunyan@1.8.1
96 silly currentTree +-- camelcase-keys@2.1.0
96 silly currentTree +-- camelcase@2.1.1
96 silly currentTree +-- caseless@0.11.0
96 silly currentTree +-- chalk@1.1.3
96 silly currentTree +-- clean-css@3.0.10
96 silly currentTree | `-- source-map@0.1.43
96 silly currentTree +-- cliui@3.2.0
96 silly currentTree +-- clone-stats@0.0.1
96 silly currentTree +-- clone@1.0.2
96 silly currentTree +-- code-point-at@1.0.0
96 silly currentTree +-- combined-stream@1.0.5
96 silly currentTree +-- commander@2.5.1
96 silly currentTree +-- concat-map@0.0.1
96 silly currentTree +-- concat-with-sourcemaps@1.0.4
96 silly currentTree +-- core-util-is@1.0.2
96 silly currentTree +-- cross-spawn-async@2.2.4
96 silly currentTree | `-- lru-cache@4.0.1
96 silly currentTree +-- cryptiles@2.0.5
96 silly currentTree +-- csv-generate@0.0.6
96 silly currentTree +-- csv-parse@1.1.1
96 silly currentTree +-- csv-stringify@0.0.8
96 silly currentTree +-- csv@0.4.6
96 silly currentTree +-- ctype@0.5.3
96 silly currentTree +-- currently-unhandled@0.4.1
96 silly currentTree +-- d@0.1.1
96 silly currentTree +-- dashdash@1.14.0
96 silly currentTree | `-- assert-plus@1.0.0
96 silly currentTree +-- dateformat@1.0.12
96 silly currentTree +-- debug@2.2.0
96 silly currentTree +-- decamelize@1.2.0
96 silly currentTree +-- defaults@1.0.3
96 silly currentTree +-- delayed-stream@1.0.0
96 silly currentTree +-- delegates@1.0.0
96 silly currentTree +-- depd@1.1.0
96 silly currentTree +-- deprecated@0.0.1
96 silly currentTree +-- dtrace-provider@0.6.0
96 silly currentTree +-- duplexer2@0.0.2
96 silly currentTree +-- each-series@1.0.0
96 silly currentTree +-- ecc-jsbn@0.1.1
96 silly currentTree +-- ee-first@1.1.1
96 silly currentTree +-- end-of-stream@0.1.5
96 silly currentTree +-- error-ex@1.3.0
96 silly currentTree +-- es5-ext@0.10.11
96 silly currentTree | `-- es6-symbol@3.0.2
96 silly currentTree +-- es6-iterator@2.0.0
96 silly currentTree +-- es6-promise@3.0.2
96 silly currentTree +-- es6-symbol@3.1.0
96 silly currentTree +-- escape-regexp-component@1.0.2
96 silly currentTree +-- escape-string-regexp@1.0.5
96 silly currentTree +-- extend@2.0.1
96 silly currentTree +-- extsprintf@1.0.2
96 silly currentTree +-- fancy-log@1.2.0
96 silly currentTree +-- find-index@0.1.1
96 silly currentTree +-- find-up@1.1.2
96 silly currentTree +-- findup-sync@0.3.0
96 silly currentTree +-- first-chunk-stream@1.0.0
96 silly currentTree +-- flagged-respawn@0.3.2
96 silly currentTree +-- forever-agent@0.6.1
96 silly currentTree +-- form-data@1.0.0-rc4
96 silly currentTree +-- formidable@1.0.17
96 silly currentTree +-- fstream@1.0.9
96 silly currentTree +-- gauge@1.2.7
96 silly currentTree +-- gaze@0.5.2
96 silly currentTree +-- generate-function@2.0.0
96 silly currentTree +-- generate-object-property@1.2.0
96 silly currentTree +-- get-stdin@4.0.1
96 silly currentTree +-- getpass@0.1.6
96 silly currentTree | `-- assert-plus@1.0.0
96 silly currentTree +-- glob-stream@3.1.18
96 silly currentTree | +-- glob@4.5.3
96 silly currentTree | +-- minimatch@2.0.10
96 silly currentTree | +-- readable-stream@1.0.34
96 silly currentTree | `-- through2@0.6.5
96 silly currentTree +-- glob-watcher@0.0.6
96 silly currentTree +-- glob@5.0.15
96 silly currentTree +-- glob2base@0.0.12
96 silly currentTree +-- globule@0.1.0
96 silly currentTree | +-- glob@3.1.21
96 silly currentTree | +-- graceful-fs@1.2.3
96 silly currentTree | +-- inherits@1.0.2
96 silly currentTree | `-- minimatch@0.2.14
96 silly currentTree +-- glogg@1.0.0
96 silly currentTree +-- graceful-fs@4.1.4
96 silly currentTree +-- graceful-readlink@1.0.1
96 silly currentTree +-- gulp-concat@2.6.0
96 silly currentTree | +-- gulp-util@3.0.7
96 silly currentTree | | +-- isarray@1.0.0
96 silly currentTree | | +-- readable-stream@2.0.6
96 silly currentTree | | `-- through2@2.0.1
96 silly currentTree | +-- lodash._reinterpolate@3.0.0
96 silly currentTree | +-- lodash.escape@3.2.0
96 silly currentTree | +-- lodash.keys@3.1.2
96 silly currentTree | +-- lodash.template@3.6.2
96 silly currentTree | +-- lodash.templatesettings@3.1.1
96 silly currentTree | +-- readable-stream@1.0.34
96 silly currentTree | +-- through2@0.6.5
96 silly currentTree | `-- vinyl@0.5.3
96 silly currentTree +-- gulp-minify-css@0.3.13
96 silly currentTree | +-- gulp-util@3.0.7
96 silly currentTree | | +-- isarray@1.0.0
96 silly currentTree | | +-- readable-stream@2.0.6
96 silly currentTree | | `-- through2@2.0.1
96 silly currentTree | +-- lodash._reinterpolate@3.0.0
96 silly currentTree | +-- lodash.escape@3.2.0
96 silly currentTree | +-- lodash.keys@3.1.2
96 silly currentTree | +-- lodash.template@3.6.2
96 silly currentTree | +-- lodash.templatesettings@3.1.1
96 silly currentTree | +-- readable-stream@1.0.34
96 silly currentTree | +-- through2@0.6.5
96 silly currentTree | `-- vinyl@0.5.3
96 silly currentTree +-- gulp-rename@1.2.2
96 silly currentTree +-- gulp-sass@2.3.1
96 silly currentTree | +-- gulp-util@3.0.7
96 silly currentTree | | `-- object-assign@3.0.0
96 silly currentTree | +-- lodash._reinterpolate@3.0.0
96 silly currentTree | +-- lodash.escape@3.2.0
96 silly currentTree | +-- lodash.keys@3.1.2
96 silly currentTree | +-- lodash.template@3.6.2
96 silly currentTree | +-- lodash.templatesettings@3.1.1
96 silly currentTree | +-- object-assign@4.1.0
96 silly currentTree | +-- vinyl-sourcemaps-apply@0.2.1
96 silly currentTree | `-- vinyl@0.5.3
96 silly currentTree +-- gulp-util@2.2.20
96 silly currentTree | +-- ansi-regex@0.2.1
96 silly currentTree | +-- ansi-styles@1.1.0
96 silly currentTree | +-- chalk@0.5.1
96 silly currentTree | +-- has-ansi@0.1.0
96 silly currentTree | +-- minimist@0.2.0
96 silly currentTree | +-- readable-stream@1.0.34
96 silly currentTree | +-- strip-ansi@0.3.0
96 silly currentTree | +-- supports-color@0.2.0
96 silly currentTree | +-- through2@0.5.1
96 silly currentTree | `-- xtend@3.0.0
96 silly currentTree +-- gulp@3.9.1
96 silly currentTree | +-- gulp-util@3.0.7
96 silly currentTree | +-- lodash._reinterpolate@3.0.0
96 silly currentTree | +-- lodash.escape@3.2.0
96 silly currentTree | +-- lodash.keys@3.1.2
96 silly currentTree | +-- lodash.template@3.6.2
96 silly currentTree | +-- lodash.templatesettings@3.1.1
96 silly currentTree | `-- vinyl@0.5.3
96 silly currentTree +-- gulplog@1.0.0
96 silly currentTree +-- handle-thing@1.2.4
96 silly currentTree +-- har-validator@2.0.6
96 silly currentTree | `-- commander@2.9.0
96 silly currentTree +-- has-ansi@2.0.0
96 silly currentTree +-- has-gulplog@0.1.0
96 silly currentTree +-- has-unicode@2.0.0
96 silly currentTree +-- hawk@3.1.3
96 silly currentTree +-- hoek@2.16.3
96 silly currentTree +-- hosted-git-info@2.1.5
96 silly currentTree +-- hpack.js@2.1.4
96 silly currentTree | +-- isarray@1.0.0
96 silly currentTree | `-- readable-stream@2.1.4
96 silly currentTree +-- http-deceiver@1.2.7
96 silly currentTree +-- http-signature@1.1.1
96 silly currentTree +-- in-publish@2.0.0
96 silly currentTree +-- indent-string@2.1.0
96 silly currentTree +-- inflight@1.0.5
96 silly currentTree +-- inherits@2.0.1
96 silly currentTree +-- interpret@1.0.1
96 silly currentTree +-- invert-kv@1.0.0
96 silly currentTree +-- is-arrayish@0.2.1
96 silly currentTree +-- is-builtin-module@1.0.0
96 silly currentTree +-- is-finite@1.0.1
96 silly currentTree +-- is-fullwidth-code-point@1.0.0
96 silly currentTree +-- is-my-json-valid@2.13.1
96 silly currentTree +-- is-property@1.0.2
96 silly currentTree +-- is-typedarray@1.0.0
96 silly currentTree +-- is-utf8@0.2.1
96 silly currentTree +-- isarray@0.0.1
96 silly currentTree +-- isexe@1.1.2
96 silly currentTree +-- isstream@0.1.2
96 silly currentTree +-- jodid25519@1.0.2
96 silly currentTree +-- jsbn@0.1.0
96 silly currentTree +-- json-schema@0.2.2
96 silly currentTree +-- json-stringify-safe@5.0.1
96 silly currentTree +-- jsonpointer@2.0.0
96 silly currentTree +-- jsprim@1.2.2
96 silly currentTree +-- keep-alive-agent@0.0.1
96 silly currentTree +-- lcid@1.0.0
96 silly currentTree +-- liftoff@2.2.1
96 silly currentTree +-- load-json-file@1.1.0
96 silly currentTree +-- lodash._basecopy@3.0.1
96 silly currentTree +-- lodash._baseslice@4.0.0
96 silly currentTree +-- lodash._basetostring@3.0.1
96 silly currentTree +-- lodash._basevalues@3.0.0
96 silly currentTree +-- lodash._escapehtmlchar@2.4.1
96 silly currentTree +-- lodash._escapestringchar@2.4.1
96 silly currentTree +-- lodash._getnative@3.9.1
96 silly currentTree +-- lodash._htmlescapes@2.4.1
96 silly currentTree +-- lodash._isiterateecall@3.0.9
96 silly currentTree +-- lodash._isnative@2.4.1
96 silly currentTree +-- lodash._objecttypes@2.4.1
96 silly currentTree +-- lodash._reescape@3.0.0
96 silly currentTree +-- lodash._reevaluate@3.0.0
96 silly currentTree +-- lodash._reinterpolate@2.4.1
96 silly currentTree +-- lodash._reunescapedhtml@2.4.1
96 silly currentTree +-- lodash._root@3.0.1
96 silly currentTree +-- lodash._shimkeys@2.4.1
96 silly currentTree +-- lodash.defaults@2.4.1
96 silly currentTree +-- lodash.escape@2.4.1
96 silly currentTree +-- lodash.isarguments@3.0.8
96 silly currentTree +-- lodash.isarray@3.0.4
96 silly currentTree +-- lodash.isobject@2.4.1
96 silly currentTree +-- lodash.keys@2.4.1
96 silly currentTree +-- lodash.pad@4.4.0
96 silly currentTree | `-- lodash._basetostring@4.12.0
96 silly currentTree +-- lodash.padend@4.5.0
96 silly currentTree | `-- lodash._basetostring@4.12.0
96 silly currentTree +-- lodash.padstart@4.5.0
96 silly currentTree | `-- lodash._basetostring@4.12.0
96 silly currentTree +-- lodash.restparam@3.6.1
96 silly currentTree +-- lodash.template@2.4.1
96 silly currentTree +-- lodash.templatesettings@2.4.1
96 silly currentTree +-- lodash.tostring@4.1.3
96 silly currentTree +-- lodash.values@2.4.1
96 silly currentTree +-- lodash@1.0.2
96 silly currentTree +-- loud-rejection@1.4.1
96 silly currentTree +-- lru-cache@2.7.3
96 silly currentTree +-- map-obj@1.0.1
96 silly currentTree +-- memory-cache@0.0.5
96 silly currentTree +-- meow@3.7.0
96 silly currentTree | `-- object-assign@4.1.0
96 silly currentTree +-- mime-db@1.23.0
96 silly currentTree +-- mime-types@2.1.11
96 silly currentTree +-- mime@1.3.4
96 silly currentTree +-- minimalistic-assert@1.0.0
96 silly currentTree +-- minimatch@3.0.0
96 silly currentTree +-- minimist@1.2.0
96 silly currentTree +-- mkdirp@0.5.1
96 silly currentTree | `-- minimist@0.0.8
96 silly currentTree +-- moment@2.13.0
96 silly currentTree +-- mongodb-core@1.3.18
96 silly currentTree +-- mongodb@2.1.18
96 silly currentTree | `-- readable-stream@1.0.31
96 silly currentTree +-- mongojs@2.4.0
96 silly currentTree | +-- isarray@1.0.0
96 silly currentTree | `-- readable-stream@2.1.4
96 silly currentTree +-- morgan@1.7.0
96 silly currentTree +-- ms@0.7.1
96 silly currentTree +-- multipipe@0.1.2
96 silly currentTree +-- mv@2.1.1
96 silly currentTree | +-- glob@6.0.4
96 silly currentTree | `-- rimraf@2.4.5
96 silly currentTree +-- nan@2.3.5
96 silly currentTree +-- ncp@2.0.0
96 silly currentTree +-- negotiator@0.6.1
96 silly currentTree +-- node-gyp@3.3.1
96 silly currentTree | +-- glob@4.5.3
96 silly currentTree | | `-- minimatch@2.0.10
96 silly currentTree | `-- minimatch@1.0.0
96 silly currentTree +-- node-sass@3.7.0
96 silly currentTree | +-- gaze@1.0.0
96 silly currentTree | +-- glob@7.0.3
96 silly currentTree | | `-- minimatch@3.0.0
96 silly currentTree | +-- globule@0.2.0
96 silly currentTree | | `-- glob@3.2.11
96 silly currentTree | |   `-- minimatch@0.3.0
96 silly currentTree | +-- lodash@2.4.2
96 silly currentTree | `-- minimatch@0.2.14
96 silly currentTree +-- node-uuid@1.4.7
96 silly currentTree +-- nopt@3.0.6
96 silly currentTree +-- normalize-package-data@2.3.5
96 silly currentTree +-- npmlog@2.0.4
96 silly currentTree +-- number-is-nan@1.0.0
96 silly currentTree +-- oauth-sign@0.8.2
96 silly currentTree +-- object-assign@3.0.0
96 silly currentTree +-- obuf@1.1.1
96 silly currentTree +-- on-finished@2.3.0
96 silly currentTree +-- on-headers@1.0.1
96 silly currentTree +-- once@1.3.3
96 silly currentTree +-- orchestrator@0.3.7
96 silly currentTree +-- ordered-read-streams@0.1.0
96 silly currentTree +-- os-homedir@1.0.1
96 silly currentTree +-- os-locale@1.4.0
96 silly currentTree +-- os-tmpdir@1.0.1
96 silly currentTree +-- osenv@0.1.3
96 silly currentTree +-- parse-json@2.2.0
96 silly currentTree +-- parse-mongo-url@1.1.1
96 silly currentTree +-- path-array@1.0.1
96 silly currentTree +-- path-exists@2.1.0
96 silly currentTree +-- path-is-absolute@1.0.0
96 silly currentTree +-- path-type@1.1.0
96 silly currentTree +-- pify@2.3.0
96 silly currentTree +-- pinkie-promise@2.0.1
96 silly currentTree +-- pinkie@2.0.4
96 silly currentTree +-- precond@0.2.3
96 silly currentTree +-- pretty-hrtime@1.0.2
96 silly currentTree +-- process-nextick-args@1.0.7
96 silly currentTree +-- pseudomap@1.0.2
96 silly currentTree +-- punycode@1.3.2
96 silly currentTree +-- qs@6.1.0
96 silly currentTree +-- querystring@0.2.0
96 silly currentTree +-- read-pkg-up@1.0.1
96 silly currentTree +-- read-pkg@1.1.0
96 silly currentTree +-- readable-stream@1.1.14
96 silly currentTree +-- rechoir@0.6.2
96 silly currentTree +-- redent@1.0.0
96 silly currentTree +-- repeating@2.0.1
96 silly currentTree +-- replace-ext@0.0.1
96 silly currentTree +-- request@2.72.0
96 silly currentTree | `-- extend@3.0.0
96 silly currentTree +-- require_optional@1.0.0
96 silly currentTree | `-- semver@5.1.0
96 silly currentTree +-- resolve-from@2.0.0
96 silly currentTree +-- resolve@1.1.7
96 silly currentTree +-- restify@4.1.1
96 silly currentTree | +-- asn1@0.1.11
96 silly currentTree | +-- assert-plus@0.1.5
96 silly currentTree | +-- extsprintf@1.2.0
96 silly currentTree | +-- http-signature@0.11.0
96 silly currentTree | +-- lru-cache@4.0.1
96 silly currentTree | +-- qs@3.1.0
96 silly currentTree | `-- verror@1.6.1
96 silly currentTree +-- rimraf@2.5.2
96 silly currentTree | `-- glob@7.0.3
96 silly currentTree +-- safe-json-stringify@1.0.3
96 silly currentTree +-- sass-graph@2.1.1
96 silly currentTree | +-- glob@6.0.4
96 silly currentTree | `-- lodash@4.13.1
96 silly currentTree +-- select-hose@2.0.0
96 silly currentTree +-- semver@4.3.6
96 silly currentTree +-- sequencify@0.0.7
96 silly currentTree +-- shelljs@0.3.0
96 silly currentTree +-- sigmund@1.0.1
96 silly currentTree +-- signal-exit@2.1.2
96 silly currentTree +-- sntp@1.0.9
96 silly currentTree +-- source-map@0.5.6
96 silly currentTree +-- sparkles@1.0.0
96 silly currentTree +-- spdx-correct@1.0.2
96 silly currentTree +-- spdx-exceptions@1.0.4
96 silly currentTree +-- spdx-expression-parse@1.0.2
96 silly currentTree +-- spdx-license-ids@1.2.1
96 silly currentTree +-- spdy-transport@2.0.11
96 silly currentTree | +-- isarray@1.0.0
96 silly currentTree | `-- readable-stream@2.1.4
96 silly currentTree +-- spdy@3.3.3
96 silly currentTree +-- sshpk@1.8.3
96 silly currentTree | `-- assert-plus@1.0.0
96 silly currentTree +-- stream-consume@0.1.0
96 silly currentTree +-- stream-transform@0.1.1
96 silly currentTree +-- string_decoder@0.10.31
96 silly currentTree +-- string-width@1.0.1
96 silly currentTree +-- stringstream@0.0.5
96 silly currentTree +-- strip-ansi@3.0.1
96 silly currentTree +-- strip-bom@2.0.0
96 silly currentTree +-- strip-indent@1.0.1
96 silly currentTree +-- supports-color@2.0.0
96 silly currentTree +-- tar@2.2.1
96 silly currentTree +-- through2@2.0.1
96 silly currentTree | +-- isarray@1.0.0
96 silly currentTree | `-- readable-stream@2.0.6
96 silly currentTree +-- thunky@0.1.0
96 silly currentTree +-- tildify@1.2.0
96 silly currentTree +-- time-stamp@1.0.1
96 silly currentTree +-- to-mongodb-core@2.0.0
96 silly currentTree +-- tough-cookie@2.2.2
96 silly currentTree +-- trim-newlines@1.0.0
96 silly currentTree +-- tunnel-agent@0.4.3
96 silly currentTree +-- tweetnacl@0.13.3
96 silly currentTree +-- unique-stream@1.0.0
96 silly currentTree +-- url@0.11.0
96 silly currentTree +-- user-home@1.1.1
96 silly currentTree +-- util-deprecate@1.0.2
96 silly currentTree +-- v8flags@2.0.11
96 silly currentTree +-- validate-npm-package-license@3.0.1
96 silly currentTree +-- vasync@1.6.3
96 silly currentTree | +-- extsprintf@1.2.0
96 silly currentTree | `-- verror@1.6.0
96 silly currentTree +-- verror@1.3.6
96 silly currentTree +-- vinyl-fs@0.3.14
96 silly currentTree | +-- clone@0.2.0
96 silly currentTree | +-- graceful-fs@3.0.8
96 silly currentTree | +-- readable-stream@1.0.34
96 silly currentTree | +-- strip-bom@1.0.0
96 silly currentTree | +-- through2@0.6.5
96 silly currentTree | `-- vinyl@0.4.6
96 silly currentTree +-- vinyl-sourcemaps-apply@0.1.4
96 silly currentTree | `-- source-map@0.1.43
96 silly currentTree +-- vinyl@0.2.3
96 silly currentTree +-- wbuf@1.7.2
96 silly currentTree +-- which@1.2.10
96 silly currentTree +-- window-size@0.1.4
96 silly currentTree +-- wrap-ansi@2.0.0
96 silly currentTree +-- wrappy@1.0.2
96 silly currentTree +-- xtend@4.0.1
96 silly currentTree +-- y18n@3.2.1
96 silly currentTree +-- yallist@2.0.0
96 silly currentTree `-- yargs@3.32.0
97 silly idealTree tracker@1.1.1
97 silly idealTree +-- abbrev@1.0.7
97 silly idealTree +-- amdefine@1.0.0
97 silly idealTree +-- ansi-regex@2.0.0
97 silly idealTree +-- ansi-styles@2.2.1
97 silly idealTree +-- ansi@0.3.1
97 silly idealTree +-- archy@1.0.0
97 silly idealTree +-- are-we-there-yet@1.1.2
97 silly idealTree +-- array-differ@1.0.0
97 silly idealTree +-- array-find-index@1.0.1
97 silly idealTree +-- array-index@1.0.0
97 silly idealTree +-- array-uniq@1.0.2
97 silly idealTree +-- asn1@0.2.3
97 silly idealTree +-- assert-plus@0.2.0
97 silly idealTree +-- async-foreach@0.1.3
97 silly idealTree +-- async@1.5.2
97 silly idealTree +-- aws-sign2@0.6.0
97 silly idealTree +-- aws4@1.4.1
97 silly idealTree +-- backoff@2.5.0
97 silly idealTree +-- balanced-match@0.4.1
97 silly idealTree +-- basic-auth@1.0.4
97 silly idealTree +-- bcrypt@0.8.7
97 silly idealTree +-- beeper@1.1.0
97 silly idealTree +-- bindings@1.2.1
97 silly idealTree +-- bl@1.1.2
97 silly idealTree | +-- isarray@1.0.0
97 silly idealTree | `-- readable-stream@2.0.6
97 silly idealTree +-- block-stream@0.0.9
97 silly idealTree +-- boom@2.10.1
97 silly idealTree +-- bower@1.7.9
97 silly idealTree +-- brace-expansion@1.1.4
97 silly idealTree +-- bson@0.4.23
97 silly idealTree +-- buffer-shims@1.0.0
97 silly idealTree +-- bufferstreams@0.0.2
97 silly idealTree +-- builtin-modules@1.1.1
97 silly idealTree +-- bunyan@1.8.1
97 silly idealTree +-- camelcase-keys@2.1.0
97 silly idealTree +-- camelcase@2.1.1
97 silly idealTree +-- caseless@0.11.0
97 silly idealTree +-- chalk@1.1.3
97 silly idealTree +-- clean-css@3.0.10
97 silly idealTree | `-- source-map@0.1.43
97 silly idealTree +-- cliui@3.2.0
97 silly idealTree +-- clone-stats@0.0.1
97 silly idealTree +-- clone@1.0.2
97 silly idealTree +-- code-point-at@1.0.0
97 silly idealTree +-- combined-stream@1.0.5
97 silly idealTree +-- commander@2.5.1
97 silly idealTree +-- concat-map@0.0.1
97 silly idealTree +-- concat-with-sourcemaps@1.0.4
97 silly idealTree +-- core-util-is@1.0.2
97 silly idealTree +-- cross-spawn-async@2.2.4
97 silly idealTree | `-- lru-cache@4.0.1
97 silly idealTree +-- cryptiles@2.0.5
97 silly idealTree +-- csv-generate@0.0.6
97 silly idealTree +-- csv-parse@1.1.1
97 silly idealTree +-- csv-stringify@0.0.8
97 silly idealTree +-- csv@0.4.6
97 silly idealTree +-- ctype@0.5.3
97 silly idealTree +-- currently-unhandled@0.4.1
97 silly idealTree +-- d@0.1.1
97 silly idealTree +-- dashdash@1.14.0
97 silly idealTree | `-- assert-plus@1.0.0
97 silly idealTree +-- dateformat@1.0.12
97 silly idealTree +-- debug@2.2.0
97 silly idealTree +-- decamelize@1.2.0
97 silly idealTree +-- defaults@1.0.3
97 silly idealTree +-- delayed-stream@1.0.0
97 silly idealTree +-- delegates@1.0.0
97 silly idealTree +-- depd@1.1.0
97 silly idealTree +-- deprecated@0.0.1
97 silly idealTree +-- dtrace-provider@0.6.0
97 silly idealTree +-- duplexer2@0.0.2
97 silly idealTree +-- each-series@1.0.0
97 silly idealTree +-- ecc-jsbn@0.1.1
97 silly idealTree +-- ee-first@1.1.1
97 silly idealTree +-- end-of-stream@0.1.5
97 silly idealTree +-- error-ex@1.3.0
97 silly idealTree +-- es5-ext@0.10.11
97 silly idealTree | `-- es6-symbol@3.0.2
97 silly idealTree +-- es6-iterator@2.0.0
97 silly idealTree +-- es6-promise@3.0.2
97 silly idealTree +-- es6-symbol@3.1.0
97 silly idealTree +-- escape-regexp-component@1.0.2
97 silly idealTree +-- escape-string-regexp@1.0.5
97 silly idealTree +-- extend@2.0.1
97 silly idealTree +-- extsprintf@1.0.2
97 silly idealTree +-- fancy-log@1.2.0
97 silly idealTree +-- find-index@0.1.1
97 silly idealTree +-- find-up@1.1.2
97 silly idealTree +-- findup-sync@0.3.0
97 silly idealTree +-- first-chunk-stream@1.0.0
97 silly idealTree +-- flagged-respawn@0.3.2
97 silly idealTree +-- forever-agent@0.6.1
97 silly idealTree +-- form-data@1.0.0-rc4
97 silly idealTree +-- formidable@1.0.17
97 silly idealTree +-- fstream@1.0.9
97 silly idealTree +-- gauge@1.2.7
97 silly idealTree +-- gaze@0.5.2
97 silly idealTree +-- generate-function@2.0.0
97 silly idealTree +-- generate-object-property@1.2.0
97 silly idealTree +-- get-stdin@4.0.1
97 silly idealTree +-- getpass@0.1.6
97 silly idealTree | `-- assert-plus@1.0.0
97 silly idealTree +-- glob-stream@3.1.18
97 silly idealTree | +-- glob@4.5.3
97 silly idealTree | +-- minimatch@2.0.10
97 silly idealTree | +-- readable-stream@1.0.34
97 silly idealTree | `-- through2@0.6.5
97 silly idealTree +-- glob-watcher@0.0.6
97 silly idealTree +-- glob@5.0.15
97 silly idealTree +-- glob2base@0.0.12
97 silly idealTree +-- globule@0.1.0
97 silly idealTree | +-- glob@3.1.21
97 silly idealTree | +-- graceful-fs@1.2.3
97 silly idealTree | +-- inherits@1.0.2
97 silly idealTree | `-- minimatch@0.2.14
97 silly idealTree +-- glogg@1.0.0
97 silly idealTree +-- graceful-fs@4.1.4
97 silly idealTree +-- graceful-readlink@1.0.1
97 silly idealTree +-- gulp-concat@2.6.0
97 silly idealTree | +-- gulp-util@3.0.7
97 silly idealTree | | +-- isarray@1.0.0
97 silly idealTree | | +-- readable-stream@2.0.6
97 silly idealTree | | `-- through2@2.0.1
97 silly idealTree | +-- lodash._reinterpolate@3.0.0
97 silly idealTree | +-- lodash.escape@3.2.0
97 silly idealTree | +-- lodash.keys@3.1.2
97 silly idealTree | +-- lodash.template@3.6.2
97 silly idealTree | +-- lodash.templatesettings@3.1.1
97 silly idealTree | +-- readable-stream@1.0.34
97 silly idealTree | +-- through2@0.6.5
97 silly idealTree | `-- vinyl@0.5.3
97 silly idealTree +-- gulp-minify-css@0.3.13
97 silly idealTree | +-- gulp-util@3.0.7
97 silly idealTree | | +-- isarray@1.0.0
97 silly idealTree | | +-- readable-stream@2.0.6
97 silly idealTree | | `-- through2@2.0.1
97 silly idealTree | +-- lodash._reinterpolate@3.0.0
97 silly idealTree | +-- lodash.escape@3.2.0
97 silly idealTree | +-- lodash.keys@3.1.2
97 silly idealTree | +-- lodash.template@3.6.2
97 silly idealTree | +-- lodash.templatesettings@3.1.1
97 silly idealTree | +-- readable-stream@1.0.34
97 silly idealTree | +-- through2@0.6.5
97 silly idealTree | `-- vinyl@0.5.3
97 silly idealTree +-- gulp-rename@1.2.2
97 silly idealTree +-- gulp-sass@2.3.1
97 silly idealTree | +-- gulp-util@3.0.7
97 silly idealTree | | `-- object-assign@3.0.0
97 silly idealTree | +-- lodash._reinterpolate@3.0.0
97 silly idealTree | +-- lodash.escape@3.2.0
97 silly idealTree | +-- lodash.keys@3.1.2
97 silly idealTree | +-- lodash.template@3.6.2
97 silly idealTree | +-- lodash.templatesettings@3.1.1
97 silly idealTree | +-- object-assign@4.1.0
97 silly idealTree | +-- vinyl-sourcemaps-apply@0.2.1
97 silly idealTree | `-- vinyl@0.5.3
97 silly idealTree +-- gulp-util@2.2.20
97 silly idealTree | +-- ansi-regex@0.2.1
97 silly idealTree | +-- ansi-styles@1.1.0
97 silly idealTree | +-- chalk@0.5.1
97 silly idealTree | +-- has-ansi@0.1.0
97 silly idealTree | +-- minimist@0.2.0
97 silly idealTree | +-- readable-stream@1.0.34
97 silly idealTree | +-- strip-ansi@0.3.0
97 silly idealTree | +-- supports-color@0.2.0
97 silly idealTree | +-- through2@0.5.1
97 silly idealTree | `-- xtend@3.0.0
97 silly idealTree +-- gulp@3.9.1
97 silly idealTree | +-- gulp-util@3.0.7
97 silly idealTree | +-- lodash._reinterpolate@3.0.0
97 silly idealTree | +-- lodash.escape@3.2.0
97 silly idealTree | +-- lodash.keys@3.1.2
97 silly idealTree | +-- lodash.template@3.6.2
97 silly idealTree | +-- lodash.templatesettings@3.1.1
97 silly idealTree | `-- vinyl@0.5.3
97 silly idealTree +-- gulplog@1.0.0
97 silly idealTree +-- handle-thing@1.2.4
97 silly idealTree +-- har-validator@2.0.6
97 silly idealTree | `-- commander@2.9.0
97 silly idealTree +-- has-ansi@2.0.0
97 silly idealTree +-- has-gulplog@0.1.0
97 silly idealTree +-- has-unicode@2.0.0
97 silly idealTree +-- hawk@3.1.3
97 silly idealTree +-- hoek@2.16.3
97 silly idealTree +-- hosted-git-info@2.1.5
97 silly idealTree +-- hpack.js@2.1.4
97 silly idealTree | +-- isarray@1.0.0
97 silly idealTree | `-- readable-stream@2.1.4
97 silly idealTree +-- http-deceiver@1.2.7
97 silly idealTree +-- http-signature@1.1.1
97 silly idealTree +-- in-publish@2.0.0
97 silly idealTree +-- indent-string@2.1.0
97 silly idealTree +-- inflight@1.0.5
97 silly idealTree +-- inherits@2.0.1
97 silly idealTree +-- interpret@1.0.1
97 silly idealTree +-- invert-kv@1.0.0
97 silly idealTree +-- is-arrayish@0.2.1
97 silly idealTree +-- is-builtin-module@1.0.0
97 silly idealTree +-- is-finite@1.0.1
97 silly idealTree +-- is-fullwidth-code-point@1.0.0
97 silly idealTree +-- is-my-json-valid@2.13.1
97 silly idealTree +-- is-property@1.0.2
97 silly idealTree +-- is-typedarray@1.0.0
97 silly idealTree +-- is-utf8@0.2.1
97 silly idealTree +-- isarray@0.0.1
97 silly idealTree +-- isexe@1.1.2
97 silly idealTree +-- isstream@0.1.2
97 silly idealTree +-- jodid25519@1.0.2
97 silly idealTree +-- jsbn@0.1.0
97 silly idealTree +-- json-schema@0.2.2
97 silly idealTree +-- json-stringify-safe@5.0.1
97 silly idealTree +-- jsonpointer@2.0.0
97 silly idealTree +-- jsprim@1.2.2
97 silly idealTree +-- keep-alive-agent@0.0.1
97 silly idealTree +-- lcid@1.0.0
97 silly idealTree +-- liftoff@2.2.1
97 silly idealTree +-- load-json-file@1.1.0
97 silly idealTree +-- lodash._basecopy@3.0.1
97 silly idealTree +-- lodash._baseslice@4.0.0
97 silly idealTree +-- lodash._basetostring@3.0.1
97 silly idealTree +-- lodash._basevalues@3.0.0
97 silly idealTree +-- lodash._escapehtmlchar@2.4.1
97 silly idealTree +-- lodash._escapestringchar@2.4.1
97 silly idealTree +-- lodash._getnative@3.9.1
97 silly idealTree +-- lodash._htmlescapes@2.4.1
97 silly idealTree +-- lodash._isiterateecall@3.0.9
97 silly idealTree +-- lodash._isnative@2.4.1
97 silly idealTree +-- lodash._objecttypes@2.4.1
97 silly idealTree +-- lodash._reescape@3.0.0
97 silly idealTree +-- lodash._reevaluate@3.0.0
97 silly idealTree +-- lodash._reinterpolate@2.4.1
97 silly idealTree +-- lodash._reunescapedhtml@2.4.1
97 silly idealTree +-- lodash._root@3.0.1
97 silly idealTree +-- lodash._shimkeys@2.4.1
97 silly idealTree +-- lodash.defaults@2.4.1
97 silly idealTree +-- lodash.escape@2.4.1
97 silly idealTree +-- lodash.isarguments@3.0.8
97 silly idealTree +-- lodash.isarray@3.0.4
97 silly idealTree +-- lodash.isobject@2.4.1
97 silly idealTree +-- lodash.keys@2.4.1
97 silly idealTree +-- lodash.pad@4.4.0
97 silly idealTree | `-- lodash._basetostring@4.12.0
97 silly idealTree +-- lodash.padend@4.5.0
97 silly idealTree | `-- lodash._basetostring@4.12.0
97 silly idealTree +-- lodash.padstart@4.5.0
97 silly idealTree | `-- lodash._basetostring@4.12.0
97 silly idealTree +-- lodash.restparam@3.6.1
97 silly idealTree +-- lodash.template@2.4.1
97 silly idealTree +-- lodash.templatesettings@2.4.1
97 silly idealTree +-- lodash.tostring@4.1.3
97 silly idealTree +-- lodash.values@2.4.1
97 silly idealTree +-- lodash@1.0.2
97 silly idealTree +-- loud-rejection@1.4.1
97 silly idealTree +-- lru-cache@2.7.3
97 silly idealTree +-- map-obj@1.0.1
97 silly idealTree +-- memory-cache@0.0.5
97 silly idealTree +-- meow@3.7.0
97 silly idealTree | `-- object-assign@4.1.0
97 silly idealTree +-- mime-db@1.23.0
97 silly idealTree +-- mime-types@2.1.11
97 silly idealTree +-- mime@1.3.4
97 silly idealTree +-- minimalistic-assert@1.0.0
97 silly idealTree +-- minimatch@3.0.0
97 silly idealTree +-- minimist@1.2.0
97 silly idealTree +-- mkdirp@0.5.1
97 silly idealTree | `-- minimist@0.0.8
97 silly idealTree +-- moment@2.13.0
97 silly idealTree +-- mongodb-core@1.3.18
97 silly idealTree +-- mongodb@2.1.18
97 silly idealTree | `-- readable-stream@1.0.31
97 silly idealTree +-- mongojs@2.4.0
97 silly idealTree | +-- isarray@1.0.0
97 silly idealTree | `-- readable-stream@2.1.4
97 silly idealTree +-- morgan@1.7.0
97 silly idealTree +-- ms@0.7.1
97 silly idealTree +-- multipipe@0.1.2
97 silly idealTree +-- mv@2.1.1
97 silly idealTree | +-- glob@6.0.4
97 silly idealTree | `-- rimraf@2.4.5
97 silly idealTree +-- nan@2.3.5
97 silly idealTree +-- ncp@2.0.0
97 silly idealTree +-- negotiator@0.6.1
97 silly idealTree +-- node-gyp@3.3.1
97 silly idealTree | +-- glob@4.5.3
97 silly idealTree | | `-- minimatch@2.0.10
97 silly idealTree | `-- minimatch@1.0.0
97 silly idealTree +-- node-sass@3.7.0
97 silly idealTree | +-- gaze@1.0.0
97 silly idealTree | +-- glob@7.0.3
97 silly idealTree | | `-- minimatch@3.0.0
97 silly idealTree | +-- globule@0.2.0
97 silly idealTree | | `-- glob@3.2.11
97 silly idealTree | |   `-- minimatch@0.3.0
97 silly idealTree | +-- lodash@2.4.2
97 silly idealTree | `-- minimatch@0.2.14
97 silly idealTree +-- node-uuid@1.4.7
97 silly idealTree +-- nopt@3.0.6
97 silly idealTree +-- normalize-package-data@2.3.5
97 silly idealTree +-- npmlog@2.0.4
97 silly idealTree +-- number-is-nan@1.0.0
97 silly idealTree +-- oauth-sign@0.8.2
97 silly idealTree +-- object-assign@3.0.0
97 silly idealTree +-- obuf@1.1.1
97 silly idealTree +-- on-finished@2.3.0
97 silly idealTree +-- on-headers@1.0.1
97 silly idealTree +-- once@1.3.3
97 silly idealTree +-- orchestrator@0.3.7
97 silly idealTree +-- ordered-read-streams@0.1.0
97 silly idealTree +-- os-homedir@1.0.1
97 silly idealTree +-- os-locale@1.4.0
97 silly idealTree +-- os-tmpdir@1.0.1
97 silly idealTree +-- osenv@0.1.3
97 silly idealTree +-- parse-json@2.2.0
97 silly idealTree +-- parse-mongo-url@1.1.1
97 silly idealTree +-- path-array@1.0.1
97 silly idealTree +-- path-exists@2.1.0
97 silly idealTree +-- path-is-absolute@1.0.0
97 silly idealTree +-- path-type@1.1.0
97 silly idealTree +-- pify@2.3.0
97 silly idealTree +-- pinkie-promise@2.0.1
97 silly idealTree +-- pinkie@2.0.4
97 silly idealTree +-- precond@0.2.3
97 silly idealTree +-- pretty-hrtime@1.0.2
97 silly idealTree +-- process-nextick-args@1.0.7
97 silly idealTree +-- pseudomap@1.0.2
97 silly idealTree +-- punycode@1.3.2
97 silly idealTree +-- qs@6.1.0
97 silly idealTree +-- querystring@0.2.0
97 silly idealTree +-- read-pkg-up@1.0.1
97 silly idealTree +-- read-pkg@1.1.0
97 silly idealTree +-- readable-stream@1.1.14
97 silly idealTree +-- rechoir@0.6.2
97 silly idealTree +-- redent@1.0.0
97 silly idealTree +-- repeating@2.0.1
97 silly idealTree +-- replace-ext@0.0.1
97 silly idealTree +-- request@2.72.0
97 silly idealTree | `-- extend@3.0.0
97 silly idealTree +-- require_optional@1.0.0
97 silly idealTree | `-- semver@5.1.0
97 silly idealTree +-- resolve-from@2.0.0
97 silly idealTree +-- resolve@1.1.7
97 silly idealTree +-- restify@4.1.1
97 silly idealTree | +-- asn1@0.1.11
97 silly idealTree | +-- assert-plus@0.1.5
97 silly idealTree | +-- extsprintf@1.2.0
97 silly idealTree | +-- http-signature@0.11.0
97 silly idealTree | +-- lru-cache@4.0.1
97 silly idealTree | +-- qs@3.1.0
97 silly idealTree | `-- verror@1.6.1
97 silly idealTree +-- rimraf@2.5.2
97 silly idealTree | `-- glob@7.0.3
97 silly idealTree +-- safe-json-stringify@1.0.3
97 silly idealTree +-- sass-graph@2.1.1
97 silly idealTree | +-- glob@6.0.4
97 silly idealTree | `-- lodash@4.13.1
97 silly idealTree +-- select-hose@2.0.0
97 silly idealTree +-- semver@4.3.6
97 silly idealTree +-- sequencify@0.0.7
97 silly idealTree +-- shelljs@0.3.0
97 silly idealTree +-- sigmund@1.0.1
97 silly idealTree +-- signal-exit@2.1.2
97 silly idealTree +-- sntp@1.0.9
97 silly idealTree +-- source-map@0.5.6
97 silly idealTree +-- sparkles@1.0.0
97 silly idealTree +-- spdx-correct@1.0.2
97 silly idealTree +-- spdx-exceptions@1.0.4
97 silly idealTree +-- spdx-expression-parse@1.0.2
97 silly idealTree +-- spdx-license-ids@1.2.1
97 silly idealTree +-- spdy-transport@2.0.11
97 silly idealTree | +-- isarray@1.0.0
97 silly idealTree | `-- readable-stream@2.1.4
97 silly idealTree +-- spdy@3.3.3
97 silly idealTree +-- sshpk@1.8.3
97 silly idealTree | `-- assert-plus@1.0.0
97 silly idealTree +-- stream-consume@0.1.0
97 silly idealTree +-- stream-transform@0.1.1
97 silly idealTree +-- string_decoder@0.10.31
97 silly idealTree +-- string-width@1.0.1
97 silly idealTree +-- stringstream@0.0.5
97 silly idealTree +-- strip-ansi@3.0.1
97 silly idealTree +-- strip-bom@2.0.0
97 silly idealTree +-- strip-indent@1.0.1
97 silly idealTree +-- supports-color@2.0.0
97 silly idealTree +-- tar@2.2.1
97 silly idealTree +-- through2@2.0.1
97 silly idealTree | +-- isarray@1.0.0
97 silly idealTree | `-- readable-stream@2.0.6
97 silly idealTree +-- thunky@0.1.0
97 silly idealTree +-- tildify@1.2.0
97 silly idealTree +-- time-stamp@1.0.1
97 silly idealTree +-- to-mongodb-core@2.0.0
97 silly idealTree +-- tough-cookie@2.2.2
97 silly idealTree +-- trim-newlines@1.0.0
97 silly idealTree +-- tunnel-agent@0.4.3
97 silly idealTree +-- tweetnacl@0.13.3
97 silly idealTree +-- unique-stream@1.0.0
97 silly idealTree +-- url@0.11.0
97 silly idealTree +-- user-home@1.1.1
97 silly idealTree +-- util-deprecate@1.0.2
97 silly idealTree +-- v8flags@2.0.11
97 silly idealTree +-- validate-npm-package-license@3.0.1
97 silly idealTree +-- vasync@1.6.3
97 silly idealTree | +-- extsprintf@1.2.0
97 silly idealTree | `-- verror@1.6.0
97 silly idealTree +-- verror@1.3.6
97 silly idealTree +-- vinyl-fs@0.3.14
97 silly idealTree | +-- clone@0.2.0
97 silly idealTree | +-- graceful-fs@3.0.8
97 silly idealTree | +-- readable-stream@1.0.34
97 silly idealTree | +-- strip-bom@1.0.0
97 silly idealTree | +-- through2@0.6.5
97 silly idealTree | `-- vinyl@0.4.6
97 silly idealTree +-- vinyl-sourcemaps-apply@0.1.4
97 silly idealTree | `-- source-map@0.1.43
97 silly idealTree +-- vinyl@0.2.3
97 silly idealTree +-- wbuf@1.7.2
97 silly idealTree +-- which@1.2.10
97 silly idealTree +-- window-size@0.1.4
97 silly idealTree +-- wrap-ansi@2.0.0
97 silly idealTree +-- wrappy@1.0.2
97 silly idealTree +-- xtend@4.0.1
97 silly idealTree +-- y18n@3.2.1
97 silly idealTree +-- yallist@2.0.0
97 silly idealTree `-- yargs@3.32.0
98 silly generateActionsToTake Starting
99 silly install generateActionsToTake
100 silly generateActionsToTake Finishing
101 silly diffTrees action count 3
102 silly diffTrees add bindings@1.2.1
103 silly diffTrees add bcrypt@0.8.7
104 silly diffTrees update url@0.11.0
105 silly decomposeActions action count 24
106 silly decomposeActions fetch bindings@1.2.1
107 silly decomposeActions extract bindings@1.2.1
108 silly decomposeActions test bindings@1.2.1
109 silly decomposeActions preinstall bindings@1.2.1
110 silly decomposeActions build bindings@1.2.1
111 silly decomposeActions install bindings@1.2.1
112 silly decomposeActions postinstall bindings@1.2.1
113 silly decomposeActions finalize bindings@1.2.1
114 silly decomposeActions fetch bcrypt@0.8.7
115 silly decomposeActions extract bcrypt@0.8.7
116 silly decomposeActions test bcrypt@0.8.7
117 silly decomposeActions preinstall bcrypt@0.8.7
118 silly decomposeActions build bcrypt@0.8.7
119 silly decomposeActions install bcrypt@0.8.7
120 silly decomposeActions postinstall bcrypt@0.8.7
121 silly decomposeActions finalize bcrypt@0.8.7
122 silly decomposeActions fetch url@0.11.0
123 silly decomposeActions extract url@0.11.0
124 silly decomposeActions test url@0.11.0
125 silly decomposeActions preinstall url@0.11.0
126 silly decomposeActions build url@0.11.0
127 silly decomposeActions install url@0.11.0
128 silly decomposeActions postinstall url@0.11.0
129 silly decomposeActions finalize url@0.11.0
130 silly executeActions Starting
131 silly install executeActions
132 silly doSerial global-install 0
133 silly doParallel fetch 3
134 verbose correctMkdir J:\Users\Kannu\AppData\Roaming\npm-cache\_locks correctMkdir not in flight; initializing
135 verbose lock using J:\Users\Kannu\AppData\Roaming\npm-cache\_locks\staging-1f8a28bf4e8674ed.lock for J:\Users\Kannu\Desktop\Node\tracker\node_modules\.staging
136 silly doParallel extract 3
137 silly extract bindings@1.2.1
138 silly extract bcrypt@0.8.7
139 silly extract url@0.11.0
140 verbose unbuild node_modules\.staging\bindings-f2d52fd4
141 verbose unbuild node_modules\.staging\bcrypt-e4817497
142 verbose unbuild node_modules\.staging\url-01d1e8e2
143 silly gentlyRm J:\Users\Kannu\Desktop\Node\tracker\node_modules\.staging\bindings-f2d52fd4 is being purged from base J:\Users\Kannu\Desktop\Node\tracker
144 verbose gentlyRm don't care about contents; nuking J:\Users\Kannu\Desktop\Node\tracker\node_modules\.staging\bindings-f2d52fd4
145 silly gentlyRm J:\Users\Kannu\Desktop\Node\tracker\node_modules\.staging\bcrypt-e4817497 is being purged from base J:\Users\Kannu\Desktop\Node\tracker
146 verbose gentlyRm don't care about contents; nuking J:\Users\Kannu\Desktop\Node\tracker\node_modules\.staging\bcrypt-e4817497
147 silly gentlyRm J:\Users\Kannu\Desktop\Node\tracker\node_modules\.staging\url-01d1e8e2 is being purged from base J:\Users\Kannu\Desktop\Node\tracker
148 verbose gentlyRm don't care about contents; nuking J:\Users\Kannu\Desktop\Node\tracker\node_modules\.staging\url-01d1e8e2
149 verbose tar unpack J:\Users\Kannu\AppData\Roaming\npm-cache\bindings\1.2.1\package.tgz
150 verbose tar unpacking to J:\Users\Kannu\Desktop\Node\tracker\node_modules\.staging\bindings-f2d52fd4
151 silly gentlyRm J:\Users\Kannu\Desktop\Node\tracker\node_modules\.staging\bindings-f2d52fd4 is being purged
152 verbose gentlyRm don't care about contents; nuking J:\Users\Kannu\Desktop\Node\tracker\node_modules\.staging\bindings-f2d52fd4
153 verbose tar unpack J:\Users\Kannu\AppData\Roaming\npm-cache\bcrypt\0.8.7\package.tgz
154 verbose tar unpacking to J:\Users\Kannu\Desktop\Node\tracker\node_modules\.staging\bcrypt-e4817497
155 silly gentlyRm J:\Users\Kannu\Desktop\Node\tracker\node_modules\.staging\bcrypt-e4817497 is being purged
156 verbose gentlyRm don't care about contents; nuking J:\Users\Kannu\Desktop\Node\tracker\node_modules\.staging\bcrypt-e4817497
157 verbose tar unpack J:\Users\Kannu\AppData\Roaming\npm-cache\url\0.11.0\package.tgz
158 verbose tar unpacking to J:\Users\Kannu\Desktop\Node\tracker\node_modules\.staging\url-01d1e8e2
159 silly gentlyRm J:\Users\Kannu\Desktop\Node\tracker\node_modules\.staging\url-01d1e8e2 is being purged
160 verbose gentlyRm don't care about contents; nuking J:\Users\Kannu\Desktop\Node\tracker\node_modules\.staging\url-01d1e8e2
161 silly gunzTarPerm modes [ '777', '666' ]
162 silly gunzTarPerm modes [ '777', '666' ]
163 silly gunzTarPerm modes [ '777', '666' ]
164 silly gunzTarPerm extractEntry package.json
165 silly gunzTarPerm modified mode [ 'package.json', 420, 438 ]
166 silly gunzTarPerm extractEntry package.json
167 silly gunzTarPerm modified mode [ 'package.json', 420, 438 ]
168 silly gunzTarPerm extractEntry package.json
169 silly gunzTarPerm modified mode [ 'package.json', 420, 438 ]
170 silly gunzTarPerm extractEntry README.md
171 silly gunzTarPerm modified mode [ 'README.md', 420, 438 ]
172 silly gunzTarPerm extractEntry bindings.js
173 silly gunzTarPerm modified mode [ 'bindings.js', 420, 438 ]
174 silly gunzTarPerm extractEntry .npmignore
175 silly gunzTarPerm modified mode [ '.npmignore', 420, 438 ]
176 silly gunzTarPerm extractEntry README.md
177 silly gunzTarPerm modified mode [ 'README.md', 420, 438 ]
178 silly gunzTarPerm extractEntry .npmignore
179 silly gunzTarPerm modified mode [ '.npmignore', 420, 438 ]
180 silly gunzTarPerm extractEntry README.md
181 silly gunzTarPerm modified mode [ 'README.md', 420, 438 ]
182 silly gunzTarPerm extractEntry LICENSE
183 silly gunzTarPerm modified mode [ 'LICENSE', 420, 438 ]
184 silly gunzTarPerm extractEntry url.js
185 silly gunzTarPerm modified mode [ 'url.js', 420, 438 ]
186 silly gunzTarPerm extractEntry LICENSE
187 silly gunzTarPerm modified mode [ 'LICENSE', 420, 438 ]
188 silly gunzTarPerm extractEntry bcrypt.js
189 silly gunzTarPerm modified mode [ 'bcrypt.js', 420, 438 ]
190 silly gunzTarPerm extractEntry Makefile
191 silly gunzTarPerm modified mode [ 'Makefile', 420, 438 ]
192 silly gunzTarPerm extractEntry .travis.yml
193 silly gunzTarPerm modified mode [ '.travis.yml', 420, 438 ]
194 silly gunzTarPerm extractEntry CHANGELOG.md
195 silly gunzTarPerm modified mode [ 'CHANGELOG.md', 420, 438 ]
196 silly gunzTarPerm extractEntry binding.gyp
197 silly gunzTarPerm modified mode [ 'binding.gyp', 420, 438 ]
198 silly gunzTarPerm extractEntry examples/async_compare.js
199 silly gunzTarPerm modified mode [ 'examples/async_compare.js', 420, 438 ]
200 silly gunzTarPerm extractEntry examples/forever_gen_salt.js
201 silly gunzTarPerm modified mode [ 'examples/forever_gen_salt.js', 420, 438 ]
202 silly gunzTarPerm extractEntry test/async.js
203 silly gunzTarPerm modified mode [ 'test/async.js', 420, 438 ]
204 silly gunzTarPerm extractEntry test/repetitions.js
205 silly gunzTarPerm modified mode [ 'test/repetitions.js', 420, 438 ]
206 silly gunzTarPerm extractEntry test/sync.js
207 silly gunzTarPerm modified mode [ 'test/sync.js', 420, 438 ]
208 silly gunzTarPerm extractEntry ISSUE_TEMPLATE.md
209 silly gunzTarPerm modified mode [ 'ISSUE_TEMPLATE.md', 420, 438 ]
210 silly gunzTarPerm extractEntry src/bcrypt.cc
211 silly gunzTarPerm modified mode [ 'src/bcrypt.cc', 420, 438 ]
212 silly gunzTarPerm extractEntry src/bcrypt_node.cc
213 silly gunzTarPerm modified mode [ 'src/bcrypt_node.cc', 420, 438 ]
214 silly gunzTarPerm extractEntry src/blowfish.cc
215 silly gunzTarPerm modified mode [ 'src/blowfish.cc', 420, 438 ]
216 silly gunzTarPerm extractEntry src/node_blf.h
217 silly gunzTarPerm modified mode [ 'src/node_blf.h', 420, 438 ]
218 silly gunzTarPerm extractEntry werker.yml
219 silly gunzTarPerm modified mode [ 'werker.yml', 420, 438 ]
220 silly gunzTarPerm extractEntry test.js
221 silly gunzTarPerm modified mode [ 'test.js', 420, 438 ]
222 silly gunzTarPerm extractEntry util.js
223 silly gunzTarPerm modified mode [ 'util.js', 420, 438 ]
224 silly gunzTarPerm extractEntry .zuul.yml
225 silly gunzTarPerm modified mode [ '.zuul.yml', 420, 438 ]
226 silly gunzTarPerm extractEntry .travis.yml
227 silly gunzTarPerm modified mode [ '.travis.yml', 420, 438 ]
228 silly gentlyRm J:\Users\Kannu\Desktop\Node\tracker\node_modules\.staging\bindings-f2d52fd4\node_modules is being purged
229 verbose gentlyRm don't care about contents; nuking J:\Users\Kannu\Desktop\Node\tracker\node_modules\.staging\bindings-f2d52fd4\node_modules
230 silly gentlyRm J:\Users\Kannu\Desktop\Node\tracker\node_modules\.staging\url-01d1e8e2\node_modules is being purged
231 verbose gentlyRm don't care about contents; nuking J:\Users\Kannu\Desktop\Node\tracker\node_modules\.staging\url-01d1e8e2\node_modules
232 silly gentlyRm J:\Users\Kannu\Desktop\Node\tracker\node_modules\.staging\bcrypt-e4817497\node_modules is being purged
233 verbose gentlyRm don't care about contents; nuking J:\Users\Kannu\Desktop\Node\tracker\node_modules\.staging\bcrypt-e4817497\node_modules
234 silly doParallel preinstall 3
235 silly preinstall bindings@1.2.1 J:\Users\Kannu\Desktop\Node\tracker\node_modules\.staging\bindings-f2d52fd4
236 info lifecycle bindings@1.2.1~preinstall: bindings@1.2.1
237 silly preinstall bcrypt@0.8.7 J:\Users\Kannu\Desktop\Node\tracker\node_modules\.staging\bcrypt-e4817497
238 info lifecycle bcrypt@0.8.7~preinstall: bcrypt@0.8.7
239 silly preinstall url@0.11.0 J:\Users\Kannu\Desktop\Node\tracker\node_modules\.staging\url-01d1e8e2
240 info lifecycle url@0.11.0~preinstall: url@0.11.0
241 silly lifecycle bindings@1.2.1~preinstall: no script for preinstall, continuing
242 silly lifecycle bcrypt@0.8.7~preinstall: no script for preinstall, continuing
243 silly lifecycle url@0.11.0~preinstall: no script for preinstall, continuing
244 silly doReverseSerial remove 0
245 silly doSerial move 0
246 silly doSerial finalize 3
247 silly finalize J:\Users\Kannu\Desktop\Node\tracker\node_modules\bindings
248 silly finalize J:\Users\Kannu\Desktop\Node\tracker\node_modules\bcrypt
249 silly finalize J:\Users\Kannu\Desktop\Node\tracker\node_modules\url
250 silly doSerial build 3
251 silly build bindings@1.2.1
252 info linkStuff bindings@1.2.1
253 silly linkStuff bindings@1.2.1 has J:\Users\Kannu\Desktop\Node\tracker\node_modules as its parent node_modules
254 verbose linkBins bindings@1.2.1
255 verbose linkMans bindings@1.2.1
256 silly build bcrypt@0.8.7
257 info linkStuff bcrypt@0.8.7
258 silly linkStuff bcrypt@0.8.7 has J:\Users\Kannu\Desktop\Node\tracker\node_modules as its parent node_modules
259 verbose linkBins bcrypt@0.8.7
260 verbose linkMans bcrypt@0.8.7
261 silly build url@0.11.0
262 info linkStuff url@0.11.0
263 silly linkStuff url@0.11.0 has J:\Users\Kannu\Desktop\Node\tracker\node_modules as its parent node_modules
264 verbose linkBins url@0.11.0
265 verbose linkMans url@0.11.0
266 silly doSerial global-link 0
267 silly doParallel update-linked 0
268 silly doSerial install 3
269 silly install bindings@1.2.1 J:\Users\Kannu\Desktop\Node\tracker\node_modules\.staging\bindings-f2d52fd4
270 info lifecycle bindings@1.2.1~install: bindings@1.2.1
271 silly lifecycle bindings@1.2.1~install: no script for install, continuing
272 silly install bcrypt@0.8.7 J:\Users\Kannu\Desktop\Node\tracker\node_modules\.staging\bcrypt-e4817497
273 info lifecycle bcrypt@0.8.7~install: bcrypt@0.8.7
274 verbose lifecycle bcrypt@0.8.7~install: unsafe-perm in lifecycle true
275 verbose lifecycle bcrypt@0.8.7~install: PATH: J:\Program Files\nodejs\node_modules\npm\bin\node-gyp-bin;J:\Users\Kannu\Desktop\Node\tracker\node_modules\bcrypt\node_modules\.bin;J:\Users\Kannu\Desktop\Node\tracker\node_modules\.bin;J:\Program Files\nodejs;J:\ProgramData\Oracle\Java\javapath;J:\Program Files\Dell\DW WLAN Card;;J:\Windows\system32;J:\Windows;J:\Windows\System32\Wbem;J:\Windows\System32\WindowsPowerShell\v1.0\;J:\Program Files\WIDCOMM\Bluetooth Software\;J:\Program Files\WIDCOMM\Bluetooth Software\syswow64;J:\Program Files\Java\jdk1.8.0_60\bin;C:\wamp\bin\php\php5.5.12;J:\ProgramData\ComposerSetup\bin;J:\Program Files\nodejs\;J:\Users\Kannu\AppData\Roaming\npm
276 verbose lifecycle bcrypt@0.8.7~install: CWD: J:\Users\Kannu\Desktop\Node\tracker\node_modules\bcrypt
277 silly lifecycle bcrypt@0.8.7~install: Args: [ '/d /s /c', 'node-gyp rebuild' ]
278 silly lifecycle bcrypt@0.8.7~install: Returned: code: 1  signal: null
279 info lifecycle bcrypt@0.8.7~install: Failed to exec install script
280 verbose unlock done using J:\Users\Kannu\AppData\Roaming\npm-cache\_locks\staging-1f8a28bf4e8674ed.lock for J:\Users\Kannu\Desktop\Node\tracker\node_modules\.staging
281 silly rollbackFailedOptional Starting
282 silly rollbackFailedOptional Finishing
283 silly runTopLevelLifecycles Starting
284 silly runTopLevelLifecycles Finishing
285 silly install printInstalled
286 warn tracker@1.1.1 No repository field.
287 warn tracker@1.1.1 No license field.
288 verbose stack Error: bcrypt@0.8.7 install: `node-gyp rebuild`
288 verbose stack Exit status 1
288 verbose stack     at EventEmitter.<anonymous> (J:\Program Files\nodejs\node_modules\npm\lib\utils\lifecycle.js:245:16)
288 verbose stack     at emitTwo (events.js:106:13)
288 verbose stack     at EventEmitter.emit (events.js:191:7)
288 verbose stack     at ChildProcess.<anonymous> (J:\Program Files\nodejs\node_modules\npm\lib\utils\spawn.js:24:14)
288 verbose stack     at emitTwo (events.js:106:13)
288 verbose stack     at ChildProcess.emit (events.js:191:7)
288 verbose stack     at maybeClose (internal/child_process.js:852:16)
288 verbose stack     at Process.ChildProcess._handle.onexit (internal/child_process.js:215:5)
289 verbose pkgid bcrypt@0.8.7
290 verbose cwd J:\Users\Kannu\Desktop\Node\tracker\server
291 error Windows_NT 6.1.7601
292 error argv "J:\\Program Files\\nodejs\\node.exe" "J:\\Program Files\\nodejs\\node_modules\\npm\\bin\\npm-cli.js" "install" "bcrypt"
293 error node v6.2.1
294 error npm  v3.9.3
295 error code ELIFECYCLE
296 error bcrypt@0.8.7 install: `node-gyp rebuild`
296 error Exit status 1
297 error Failed at the bcrypt@0.8.7 install script 'node-gyp rebuild'.
297 error Make sure you have the latest version of node.js and npm installed.
297 error If you do, this is most likely a problem with the bcrypt package,
297 error not with npm itself.
297 error Tell the author that this fails on your system:
297 error     node-gyp rebuild
297 error You can get information on how to open an issue for this project with:
297 error     npm bugs bcrypt
297 error Or if that isn't available, you can get their info via:
297 error     npm owner ls bcrypt
297 error There is likely additional logging output above.
298 verbose exit [ 1, true ]
